2017/01/04 17:16:40 [error] [exception.Error] Error: Call to undefined function curl_init() in /home/maks/projects/testTask/protected/controllers/SiteController.php:40
Stack trace:
#0 /home/maks/projects/testTask/protected/controllers/SiteController.php(32): SiteController->get_web_page('http://ruseller...')
#1 /home/maks/yii/framework/web/actions/CInlineAction.php(49): SiteController->actionIndex()
#2 /home/maks/yii/framework/web/CController.php(308): CInlineAction->runWithParams(Array)
#3 /home/maks/yii/framework/web/CController.php(286): CController->runAction(Object(CInlineAction))
#4 /home/maks/yii/framework/web/CController.php(265): CController->runActionWithFilters(Object(CInlineAction), Array)
#5 /home/maks/yii/framework/web/CWebApplication.php(282): CController->run('')
#6 /home/maks/yii/framework/web/CWebApplication.php(141): CWebApplication->runController('')
#7 /home/maks/yii/framework/base/CApplication.php(185): CWebApplication->processRequest()
#8 /home/maks/projects/testTask/index.php(13): CApplication->run()
#9 {main}
REQUEST_URI=/
---
2017/01/04 17:18:54 [error] [php] Undefined variable: cont (/home/maks/projects/testTask/protected/controllers/SiteController.php:33)
Stack trace:
#0 /home/maks/yii/framework/web/CController.php(286): SiteController->runAction()
#1 /home/maks/yii/framework/web/CController.php(265): SiteController->runActionWithFilters()
#2 /home/maks/yii/framework/web/CWebApplication.php(282): SiteController->run()
#3 /home/maks/yii/framework/web/CWebApplication.php(141): CWebApplication->runController()
#4 /home/maks/yii/framework/base/CApplication.php(185): CWebApplication->processRequest()
#5 /home/maks/projects/testTask/index.php(13): CWebApplication->run()
REQUEST_URI=/
in /home/maks/projects/testTask/protected/controllers/SiteController.php (33)
in /home/maks/projects/testTask/index.php (13)
2017/01/04 20:18:18 [error] [php] require_once(../../vendor/autoload.php): failed to open stream: No such file or directory (/home/maks/projects/testTask/protected/controllers/SiteController.php:36)
Stack trace:
#0 /home/maks/yii/framework/web/CController.php(308): CInlineAction->runWithParams()
#1 /home/maks/yii/framework/web/CController.php(286): SiteController->runAction()
#2 /home/maks/yii/framework/web/CController.php(265): SiteController->runActionWithFilters()
#3 /home/maks/yii/framework/web/CWebApplication.php(282): SiteController->run()
#4 /home/maks/yii/framework/web/CWebApplication.php(141): CWebApplication->runController()
#5 /home/maks/yii/framework/base/CApplication.php(185): CWebApplication->processRequest()
#6 /home/maks/projects/testTask/index.php(13): CWebApplication->run()
REQUEST_URI=/
in /home/maks/projects/testTask/protected/controllers/SiteController.php (36)
in /home/maks/projects/testTask/protected/controllers/SiteController.php (36)
in /home/maks/projects/testTask/index.php (13)
2017/01/04 20:58:40 [error] [exception.CException] CException: Property "SiteController.repos" is not defined. in /home/maks/yii/framework/base/CComponent.php:130
Stack trace:
#0 /home/maks/projects/testTask/protected/views/site/index.php(7): CComponent->__get('repos')
#1 /home/maks/yii/framework/web/CBaseController.php(126): require('/home/maks/proj...')
#2 /home/maks/yii/framework/web/CBaseController.php(95): CBaseController->renderInternal('/home/maks/proj...', Array, true)
#3 /home/maks/yii/framework/web/CController.php(869): CBaseController->renderFile('/home/maks/proj...', Array, true)
#4 /home/maks/yii/framework/web/CController.php(782): CController->renderPartial('index', Array, true)
#5 /home/maks/projects/testTask/protected/controllers/SiteController.php(42): CController->render('index', Array)
#6 /home/maks/yii/framework/web/actions/CInlineAction.php(49): SiteController->actionIndex()
#7 /home/maks/yii/framework/web/CController.php(308): CInlineAction->runWithParams(Array)
#8 /home/maks/yii/framework/web/CController.php(286): CController->runAction(Object(CInlineAction))
#9 /home/maks/yii/framework/web/CController.php(265): CController->runActionWithFilters(Object(CInlineAction), Array)
#10 /home/maks/yii/framework/web/CWebApplication.php(282): CController->run('')
#11 /home/maks/yii/framework/web/CWebApplication.php(141): CWebApplication->runController('')
#12 /home/maks/yii/framework/base/CApplication.php(185): CWebApplication->processRequest()
#13 /home/maks/projects/testTask/index.php(13): CApplication->run()
#14 {main}
REQUEST_URI=/
---
2017/01/04 20:59:16 [error] [php] Array to string conversion (/home/maks/projects/testTask/protected/views/site/index.php:7)
Stack trace:
#0 /home/maks/yii/framework/web/CController.php(869): SiteController->renderFile()
#1 /home/maks/yii/framework/web/CController.php(782): SiteController->renderPartial()
#2 /home/maks/projects/testTask/protected/controllers/SiteController.php(42): SiteController->render()
#3 /home/maks/yii/framework/web/actions/CInlineAction.php(49): SiteController->actionIndex()
#4 /home/maks/yii/framework/web/CController.php(308): CInlineAction->runWithParams()
#5 /home/maks/yii/framework/web/CController.php(286): SiteController->runAction()
#6 /home/maks/yii/framework/web/CController.php(265): SiteController->runActionWithFilters()
#7 /home/maks/yii/framework/web/CWebApplication.php(282): SiteController->run()
#8 /home/maks/yii/framework/web/CWebApplication.php(141): CWebApplication->runController()
#9 /home/maks/yii/framework/base/CApplication.php(185): CWebApplication->processRequest()
#10 /home/maks/projects/testTask/index.php(13): CWebApplication->run()
REQUEST_URI=/
in /home/maks/projects/testTask/protected/views/site/index.php (7)
in /home/maks/projects/testTask/protected/controllers/SiteController.php (42)
in /home/maks/projects/testTask/index.php (13)
2017/01/04 21:10:12 [error] [php] Array to string conversion (/home/maks/projects/testTask/protected/views/site/index.php:9)
Stack trace:
#0 /home/maks/yii/framework/web/CController.php(869): SiteController->renderFile()
#1 /home/maks/yii/framework/web/CController.php(782): SiteController->renderPartial()
#2 /home/maks/projects/testTask/protected/controllers/SiteController.php(42): SiteController->render()
#3 /home/maks/yii/framework/web/actions/CInlineAction.php(49): SiteController->actionIndex()
#4 /home/maks/yii/framework/web/CController.php(308): CInlineAction->runWithParams()
#5 /home/maks/yii/framework/web/CController.php(286): SiteController->runAction()
#6 /home/maks/yii/framework/web/CController.php(265): SiteController->runActionWithFilters()
#7 /home/maks/yii/framework/web/CWebApplication.php(282): SiteController->run()
#8 /home/maks/yii/framework/web/CWebApplication.php(141): CWebApplication->runController()
#9 /home/maks/yii/framework/base/CApplication.php(185): CWebApplication->processRequest()
#10 /home/maks/projects/testTask/index.php(13): CWebApplication->run()
REQUEST_URI=/
in /home/maks/projects/testTask/protected/views/site/index.php (9)
in /home/maks/projects/testTask/protected/controllers/SiteController.php (42)
in /home/maks/projects/testTask/index.php (13)
2017/01/04 21:10:37 [error] [php] Undefined index: avatar_url (/home/maks/projects/testTask/protected/views/site/index.php:9)
Stack trace:
#0 /home/maks/yii/framework/web/CController.php(869): SiteController->renderFile()
#1 /home/maks/yii/framework/web/CController.php(782): SiteController->renderPartial()
#2 /home/maks/projects/testTask/protected/controllers/SiteController.php(42): SiteController->render()
#3 /home/maks/yii/framework/web/actions/CInlineAction.php(49): SiteController->actionIndex()
#4 /home/maks/yii/framework/web/CController.php(308): CInlineAction->runWithParams()
#5 /home/maks/yii/framework/web/CController.php(286): SiteController->runAction()
#6 /home/maks/yii/framework/web/CController.php(265): SiteController->runActionWithFilters()
#7 /home/maks/yii/framework/web/CWebApplication.php(282): SiteController->run()
#8 /home/maks/yii/framework/web/CWebApplication.php(141): CWebApplication->runController()
#9 /home/maks/yii/framework/base/CApplication.php(185): CWebApplication->processRequest()
#10 /home/maks/projects/testTask/index.php(13): CWebApplication->run()
REQUEST_URI=/
in /home/maks/projects/testTask/protected/views/site/index.php (9)
in /home/maks/projects/testTask/protected/controllers/SiteController.php (42)
in /home/maks/projects/testTask/index.php (13)
2017/01/04 21:11:39 [error] [php] Undefined index: avatar_url (/home/maks/projects/testTask/protected/views/site/index.php:9)
Stack trace:
#0 /home/maks/yii/framework/web/CController.php(869): SiteController->renderFile()
#1 /home/maks/yii/framework/web/CController.php(782): SiteController->renderPartial()
#2 /home/maks/projects/testTask/protected/controllers/SiteController.php(42): SiteController->render()
#3 /home/maks/yii/framework/web/actions/CInlineAction.php(49): SiteController->actionIndex()
#4 /home/maks/yii/framework/web/CController.php(308): CInlineAction->runWithParams()
#5 /home/maks/yii/framework/web/CController.php(286): SiteController->runAction()
#6 /home/maks/yii/framework/web/CController.php(265): SiteController->runActionWithFilters()
#7 /home/maks/yii/framework/web/CWebApplication.php(282): SiteController->run()
#8 /home/maks/yii/framework/web/CWebApplication.php(141): CWebApplication->runController()
#9 /home/maks/yii/framework/base/CApplication.php(185): CWebApplication->processRequest()
#10 /home/maks/projects/testTask/index.php(13): CWebApplication->run()
REQUEST_URI=/
in /home/maks/projects/testTask/protected/views/site/index.php (9)
in /home/maks/projects/testTask/protected/controllers/SiteController.php (42)
in /home/maks/projects/testTask/index.php (13)
2017/01/04 21:11:52 [error] [php] Undefined index: avatar_url (/home/maks/projects/testTask/protected/views/site/index.php:9)
Stack trace:
#0 /home/maks/yii/framework/web/CController.php(869): SiteController->renderFile()
#1 /home/maks/yii/framework/web/CController.php(782): SiteController->renderPartial()
#2 /home/maks/projects/testTask/protected/controllers/SiteController.php(42): SiteController->render()
#3 /home/maks/yii/framework/web/actions/CInlineAction.php(49): SiteController->actionIndex()
#4 /home/maks/yii/framework/web/CController.php(308): CInlineAction->runWithParams()
#5 /home/maks/yii/framework/web/CController.php(286): SiteController->runAction()
#6 /home/maks/yii/framework/web/CController.php(265): SiteController->runActionWithFilters()
#7 /home/maks/yii/framework/web/CWebApplication.php(282): SiteController->run()
#8 /home/maks/yii/framework/web/CWebApplication.php(141): CWebApplication->runController()
#9 /home/maks/yii/framework/base/CApplication.php(185): CWebApplication->processRequest()
#10 /home/maks/projects/testTask/index.php(13): CWebApplication->run()
REQUEST_URI=/
in /home/maks/projects/testTask/protected/views/site/index.php (9)
in /home/maks/projects/testTask/protected/controllers/SiteController.php (42)
in /home/maks/projects/testTask/index.php (13)
2017/01/04 21:14:03 [error] [php] Undefined index: avatar_url (/home/maks/projects/testTask/protected/views/site/index.php:9)
Stack trace:
#0 /home/maks/yii/framework/web/CController.php(869): SiteController->renderFile()
#1 /home/maks/yii/framework/web/CController.php(782): SiteController->renderPartial()
#2 /home/maks/projects/testTask/protected/controllers/SiteController.php(42): SiteController->render()
#3 /home/maks/yii/framework/web/actions/CInlineAction.php(49): SiteController->actionIndex()
#4 /home/maks/yii/framework/web/CController.php(308): CInlineAction->runWithParams()
#5 /home/maks/yii/framework/web/CController.php(286): SiteController->runAction()
#6 /home/maks/yii/framework/web/CController.php(265): SiteController->runActionWithFilters()
#7 /home/maks/yii/framework/web/CWebApplication.php(282): SiteController->run()
#8 /home/maks/yii/framework/web/CWebApplication.php(141): CWebApplication->runController()
#9 /home/maks/yii/framework/base/CApplication.php(185): CWebApplication->processRequest()
#10 /home/maks/projects/testTask/index.php(13): CWebApplication->run()
REQUEST_URI=/
in /home/maks/projects/testTask/protected/views/site/index.php (9)
in /home/maks/projects/testTask/protected/controllers/SiteController.php (42)
in /home/maks/projects/testTask/index.php (13)
2017/01/04 21:15:13 [error] [php] Undefined index: avatar_url (/home/maks/projects/testTask/protected/views/site/index.php:9)
Stack trace:
#0 /home/maks/yii/framework/web/CController.php(869): SiteController->renderFile()
#1 /home/maks/yii/framework/web/CController.php(782): SiteController->renderPartial()
#2 /home/maks/projects/testTask/protected/controllers/SiteController.php(42): SiteController->render()
#3 /home/maks/yii/framework/web/actions/CInlineAction.php(49): SiteController->actionIndex()
#4 /home/maks/yii/framework/web/CController.php(308): CInlineAction->runWithParams()
#5 /home/maks/yii/framework/web/CController.php(286): SiteController->runAction()
#6 /home/maks/yii/framework/web/CController.php(265): SiteController->runActionWithFilters()
#7 /home/maks/yii/framework/web/CWebApplication.php(282): SiteController->run()
#8 /home/maks/yii/framework/web/CWebApplication.php(141): CWebApplication->runController()
#9 /home/maks/yii/framework/base/CApplication.php(185): CWebApplication->processRequest()
#10 /home/maks/projects/testTask/index.php(13): CWebApplication->run()
REQUEST_URI=/
in /home/maks/projects/testTask/protected/views/site/index.php (9)
in /home/maks/projects/testTask/protected/controllers/SiteController.php (42)
in /home/maks/projects/testTask/index.php (13)
2017/01/04 21:17:14 [error] [php] Undefined index: name (/home/maks/projects/testTask/protected/views/site/index.php:8)
Stack trace:
#0 /home/maks/yii/framework/web/CController.php(869): SiteController->renderFile()
#1 /home/maks/yii/framework/web/CController.php(782): SiteController->renderPartial()
#2 /home/maks/projects/testTask/protected/controllers/SiteController.php(42): SiteController->render()
#3 /home/maks/yii/framework/web/actions/CInlineAction.php(49): SiteController->actionIndex()
#4 /home/maks/yii/framework/web/CController.php(308): CInlineAction->runWithParams()
#5 /home/maks/yii/framework/web/CController.php(286): SiteController->runAction()
#6 /home/maks/yii/framework/web/CController.php(265): SiteController->runActionWithFilters()
#7 /home/maks/yii/framework/web/CWebApplication.php(282): SiteController->run()
#8 /home/maks/yii/framework/web/CWebApplication.php(141): CWebApplication->runController()
#9 /home/maks/yii/framework/base/CApplication.php(185): CWebApplication->processRequest()
#10 /home/maks/projects/testTask/index.php(13): CWebApplication->run()
REQUEST_URI=/
in /home/maks/projects/testTask/protected/views/site/index.php (8)
in /home/maks/projects/testTask/protected/controllers/SiteController.php (42)
in /home/maks/projects/testTask/index.php (13)
2017/01/04 22:47:05 [error] [php] Undefined variable: repos (/home/maks/projects/testTask/protected/views/site/search.php:1)
Stack trace:
#0 /home/maks/yii/framework/web/CController.php(869): SiteController->renderFile()
#1 /home/maks/yii/framework/web/CController.php(782): SiteController->renderPartial()
#2 /home/maks/projects/testTask/protected/controllers/SiteController.php(64): SiteController->render()
#3 /home/maks/yii/framework/web/actions/CInlineAction.php(49): SiteController->actionSearch()
#4 /home/maks/yii/framework/web/CController.php(308): CInlineAction->runWithParams()
#5 /home/maks/yii/framework/web/CController.php(286): SiteController->runAction()
#6 /home/maks/yii/framework/web/CController.php(265): SiteController->runActionWithFilters()
#7 /home/maks/yii/framework/web/CWebApplication.php(282): SiteController->run()
#8 /home/maks/yii/framework/web/CWebApplication.php(141): CWebApplication->runController()
#9 /home/maks/yii/framework/base/CApplication.php(185): CWebApplication->processRequest()
#10 /home/maks/projects/testTask/index.php(13): CWebApplication->run()
REQUEST_URI=/?r=site%2Fsearch&query=yii
in /home/maks/projects/testTask/protected/views/site/search.php (1)
in /home/maks/projects/testTask/protected/controllers/SiteController.php (64)
in /home/maks/projects/testTask/index.php (13)
2017/01/04 23:15:03 [error] [exception.CDbException] CDbException: CDbConnection failed to open the DB connection: SQLSTATE[HY000] [1049] Unknown database 'testdrive' in /home/maks/yii/framework/db/CDbConnection.php:399
Stack trace:
#0 /home/maks/yii/framework/db/CDbConnection.php(347): CDbConnection->open()
#1 /home/maks/yii/framework/db/CDbConnection.php(325): CDbConnection->setActive(true)
#2 /home/maks/yii/framework/base/CModule.php(394): CDbConnection->init()
#3 /home/maks/yii/framework/base/CModule.php(103): CModule->getComponent('db')
#4 /home/maks/yii/framework/gii/generators/model/ModelCode.php(60): CModule->__get('db')
#5 /home/maks/yii/framework/web/CFormModel.php(39): ModelCode->init()
#6 /home/maks/yii/framework/gii/CCodeGenerator.php(153): CFormModel->__construct()
#7 /home/maks/yii/framework/gii/CCodeGenerator.php(63): CCodeGenerator->prepare()
#8 /home/maks/yii/framework/web/actions/CInlineAction.php(49): CCodeGenerator->actionIndex()
#9 /home/maks/yii/framework/web/CController.php(308): CInlineAction->runWithParams(Array)
#10 /home/maks/yii/framework/web/CController.php(286): CController->runAction(Object(CInlineAction))
#11 /home/maks/yii/framework/web/CController.php(265): CController->runActionWithFilters(Object(CInlineAction), Array)
#12 /home/maks/yii/framework/web/CWebApplication.php(282): CController->run('index')
#13 /home/maks/yii/framework/web/CWebApplication.php(141): CWebApplication->runController('gii/model/index')
#14 /home/maks/yii/framework/base/CApplication.php(185): CWebApplication->processRequest()
#15 /home/maks/projects/testTask/index.php(13): CApplication->run()
#16 {main}
REQUEST_URI=/index.php?r=gii/model/index
HTTP_REFERER=http://testtask/index.php?r=gii/form/index
---
2017/01/04 23:15:11 [error] [exception.CDbException] CDbException: CDbConnection failed to open the DB connection: SQLSTATE[HY000] [1049] Unknown database 'testdrive' in /home/maks/yii/framework/db/CDbConnection.php:399
Stack trace:
#0 /home/maks/yii/framework/db/CDbConnection.php(347): CDbConnection->open()
#1 /home/maks/yii/framework/db/CDbConnection.php(325): CDbConnection->setActive(true)
#2 /home/maks/yii/framework/base/CModule.php(394): CDbConnection->init()
#3 /home/maks/yii/framework/base/CModule.php(103): CModule->getComponent('db')
#4 /home/maks/yii/framework/gii/generators/model/ModelCode.php(60): CModule->__get('db')
#5 /home/maks/yii/framework/web/CFormModel.php(39): ModelCode->init()
#6 /home/maks/yii/framework/gii/CCodeGenerator.php(153): CFormModel->__construct()
#7 /home/maks/yii/framework/gii/CCodeGenerator.php(63): CCodeGenerator->prepare()
#8 /home/maks/yii/framework/web/actions/CInlineAction.php(49): CCodeGenerator->actionIndex()
#9 /home/maks/yii/framework/web/CController.php(308): CInlineAction->runWithParams(Array)
#10 /home/maks/yii/framework/web/CController.php(286): CController->runAction(Object(CInlineAction))
#11 /home/maks/yii/framework/web/CController.php(265): CController->runActionWithFilters(Object(CInlineAction), Array)
#12 /home/maks/yii/framework/web/CWebApplication.php(282): CController->run('index')
#13 /home/maks/yii/framework/web/CWebApplication.php(141): CWebApplication->runController('gii/model/index')
#14 /home/maks/yii/framework/base/CApplication.php(185): CWebApplication->processRequest()
#15 /home/maks/projects/testTask/index.php(13): CApplication->run()
#16 {main}
REQUEST_URI=/index.php?r=gii/model/index
HTTP_REFERER=http://testtask/index.php?r=gii/controller/index
---
2017/01/04 23:18:27 [error] [system.db.CDbCommand] CDbCommand::fetchAll() failed: SQLSTATE[42S02]: Base table or view not found: 1146 Table 'testTask.user' doesn't exist. The SQL statement executed was: SHOW FULL COLUMNS FROM `user`.
in /home/maks/projects/testTask/index.php (13)
2017/01/04 23:20:45 [error] [system.db.CDbCommand] CDbCommand::fetchAll() failed: SQLSTATE[42S02]: Base table or view not found: 1146 Table 'testTask.user' doesn't exist. The SQL statement executed was: SHOW FULL COLUMNS FROM `user`.
in /home/maks/projects/testTask/index.php (13)
2017/01/04 23:20:49 [error] [system.db.CDbCommand] CDbCommand::fetchAll() failed: SQLSTATE[42S02]: Base table or view not found: 1146 Table 'testTask.user' doesn't exist. The SQL statement executed was: SHOW FULL COLUMNS FROM `user`.
in /home/maks/projects/testTask/index.php (13)
2017/01/04 23:20:50 [error] [system.db.CDbCommand] CDbCommand::fetchAll() failed: SQLSTATE[42S02]: Base table or view not found: 1146 Table 'testTask.user' doesn't exist. The SQL statement executed was: SHOW FULL COLUMNS FROM `user`.
in /home/maks/projects/testTask/index.php (13)
2017/01/04 23:20:52 [error] [system.db.CDbCommand] CDbCommand::fetchAll() failed: SQLSTATE[42S02]: Base table or view not found: 1146 Table 'testTask.user' doesn't exist. The SQL statement executed was: SHOW FULL COLUMNS FROM `user`.
in /home/maks/projects/testTask/index.php (13)
2017/01/04 23:22:24 [error] [exception.CHttpException.404] CHttpException: Unable to find the code you requested. in /home/maks/yii/framework/gii/CCodeGenerator.php:90
Stack trace:
#0 /home/maks/yii/framework/web/actions/CInlineAction.php(49): CCodeGenerator->actionCode()
#1 /home/maks/yii/framework/web/CController.php(308): CInlineAction->runWithParams(Array)
#2 /home/maks/yii/framework/web/CController.php(286): CController->runAction(Object(CInlineAction))
#3 /home/maks/yii/framework/web/CController.php(265): CController->runActionWithFilters(Object(CInlineAction), Array)
#4 /home/maks/yii/framework/web/CWebApplication.php(282): CController->run('code')
#5 /home/maks/yii/framework/web/CWebApplication.php(141): CWebApplication->runController('gii/model/code')
#6 /home/maks/yii/framework/base/CApplication.php(185): CWebApplication->processRequest()
#7 /home/maks/projects/testTask/index.php(13): CApplication->run()
#8 {main}
REQUEST_URI=/index.php?r=gii/model/code&id=0
HTTP_REFERER=http://testtask/index.php?r=gii/model/index
---
2017/01/05 00:14:38 [error] [exception.CDbException] CDbException: CDbConnection failed to open the DB connection: SQLSTATE[HY000] [1049] Unknown database 'testTask' in /home/maks/yii/framework/db/CDbConnection.php:399
Stack trace:
#0 /home/maks/yii/framework/db/CDbConnection.php(347): CDbConnection->open()
#1 /home/maks/yii/framework/db/CDbConnection.php(325): CDbConnection->setActive(true)
#2 /home/maks/yii/framework/base/CModule.php(394): CDbConnection->init()
#3 /home/maks/yii/framework/base/CModule.php(103): CModule->getComponent('db')
#4 /home/maks/yii/framework/gii/generators/model/ModelCode.php(60): CModule->__get('db')
#5 /home/maks/yii/framework/web/CFormModel.php(39): ModelCode->init()
#6 /home/maks/yii/framework/gii/CCodeGenerator.php(153): CFormModel->__construct()
#7 /home/maks/yii/framework/gii/CCodeGenerator.php(63): CCodeGenerator->prepare()
#8 /home/maks/yii/framework/web/actions/CInlineAction.php(49): CCodeGenerator->actionIndex()
#9 /home/maks/yii/framework/web/CController.php(308): CInlineAction->runWithParams(Array)
#10 /home/maks/yii/framework/web/CController.php(286): CController->runAction(Object(CInlineAction))
#11 /home/maks/yii/framework/web/CController.php(265): CController->runActionWithFilters(Object(CInlineAction), Array)
#12 /home/maks/yii/framework/web/CWebApplication.php(282): CController->run('index')
#13 /home/maks/yii/framework/web/CWebApplication.php(141): CWebApplication->runController('gii/model/index')
#14 /home/maks/yii/framework/base/CApplication.php(185): CWebApplication->processRequest()
#15 /home/maks/projects/testTask/index.php(13): CApplication->run()
#16 {main}
REQUEST_URI=/index.php?r=gii/model/index
HTTP_REFERER=http://testtask/index.php?r=gii/model/index
---
2017/01/05 12:31:07 [error] [php] Undefined index: login (/home/maks/projects/testTask/protected/controllers/ReposController.php:10)
Stack trace:
#0 /home/maks/yii/framework/web/CController.php(286): ReposController->runAction()
#1 /home/maks/yii/framework/web/CController.php(265): ReposController->runActionWithFilters()
#2 /home/maks/yii/framework/web/CWebApplication.php(282): ReposController->run()
#3 /home/maks/yii/framework/web/CWebApplication.php(141): CWebApplication->runController()
#4 /home/maks/yii/framework/base/CApplication.php(185): CWebApplication->processRequest()
#5 /home/maks/projects/testTask/index.php(13): CWebApplication->run()
REQUEST_URI=/index.php?r=repos&name=deployer&loginHumanDevice
in /home/maks/projects/testTask/protected/controllers/ReposController.php (10)
in /home/maks/projects/testTask/index.php (13)
2017/01/05 13:23:06 [error] [php] Undefined index: value (/home/maks/projects/testTask/vendor/knplabs/github-api/lib/Github/HttpClient/Plugin/GithubExceptionThrower.php:57)
Stack trace:
#0 /home/maks/projects/testTask/vendor/php-http/client-common/src/PluginClient.php(156): Github\HttpClient\Plugin\GithubExceptionThrower->handleRequest()
#1 /home/maks/projects/testTask/vendor/php-http/client-common/src/PluginClient.php(170): Http\Client\Common\PluginClient->Http\Client\Common\{closure}()
#2 /home/maks/projects/testTask/vendor/php-http/client-common/src/PluginClient.php(87): Http\Client\Common\PluginClient->Http\Client\Common\{closure}()
#3 /home/maks/projects/testTask/vendor/php-http/client-common/src/HttpMethodsClient.php(203): Http\Client\Common\PluginClient->sendRequest()
#4 /home/maks/projects/testTask/vendor/php-http/client-common/src/HttpMethodsClient.php(188): Http\Client\Common\HttpMethodsClient->sendRequest()
#5 /home/maks/projects/testTask/vendor/php-http/client-common/src/HttpMethodsClient.php(61): Http\Client\Common\HttpMethodsClient->send()
#6 /home/maks/projects/testTask/vendor/knplabs/github-api/lib/Github/Api/AbstractApi.php(81): Http\Client\Common\HttpMethodsClient->get()
#7 /home/maks/projects/testTask/vendor/knplabs/github-api/lib/Github/Api/Search.php(26): Github\Api\Search->get()
#8 /home/maks/projects/testTask/protected/controllers/SiteController.php(69): Github\Api\Search->repositories()
#9 /home/maks/yii/framework/web/actions/CInlineAction.php(49): SiteController->actionSearch()
#10 /home/maks/yii/framework/web/CController.php(308): CInlineAction->runWithParams()
#11 /home/maks/yii/framework/web/CController.php(286): SiteController->runAction()
#12 /home/maks/yii/framework/web/CController.php(265): SiteController->runActionWithFilters()
#13 /home/maks/yii/framework/web/CWebApplication.php(282): SiteController->run()
#14 /home/maks/yii/framework/web/CWebApplication.php(141): CWebApplication->runController()
#15 /home/maks/yii/framework/base/CApplication.php(185): CWebApplication->processRequest()
#16 /home/maks/projects/testTask/index.php(13): CWebApplication->run()
REQUEST_URI=/index.php?r=site%2Fsearch&query=
in /home/maks/projects/testTask/vendor/knplabs/github-api/lib/Github/HttpClient/Plugin/GithubExceptionThrower.php (57)
in /home/maks/projects/testTask/vendor/php-http/httplug/src/Promise/HttpFulfilledPromise.php (34)
in /home/maks/projects/testTask/vendor/knplabs/github-api/lib/Github/HttpClient/Plugin/GithubExceptionThrower.php (88)
2017/01/05 13:24:05 [error] [php] Undefined index: value (/home/maks/projects/testTask/vendor/knplabs/github-api/lib/Github/HttpClient/Plugin/GithubExceptionThrower.php:57)
Stack trace:
#0 /home/maks/projects/testTask/vendor/php-http/client-common/src/PluginClient.php(156): Github\HttpClient\Plugin\GithubExceptionThrower->handleRequest()
#1 /home/maks/projects/testTask/vendor/php-http/client-common/src/PluginClient.php(170): Http\Client\Common\PluginClient->Http\Client\Common\{closure}()
#2 /home/maks/projects/testTask/vendor/php-http/client-common/src/PluginClient.php(87): Http\Client\Common\PluginClient->Http\Client\Common\{closure}()
#3 /home/maks/projects/testTask/vendor/php-http/client-common/src/HttpMethodsClient.php(203): Http\Client\Common\PluginClient->sendRequest()
#4 /home/maks/projects/testTask/vendor/php-http/client-common/src/HttpMethodsClient.php(188): Http\Client\Common\HttpMethodsClient->sendRequest()
#5 /home/maks/projects/testTask/vendor/php-http/client-common/src/HttpMethodsClient.php(61): Http\Client\Common\HttpMethodsClient->send()
#6 /home/maks/projects/testTask/vendor/knplabs/github-api/lib/Github/Api/AbstractApi.php(81): Http\Client\Common\HttpMethodsClient->get()
#7 /home/maks/projects/testTask/vendor/knplabs/github-api/lib/Github/Api/Search.php(26): Github\Api\Search->get()
#8 /home/maks/projects/testTask/protected/controllers/SiteController.php(70): Github\Api\Search->repositories()
#9 /home/maks/yii/framework/web/actions/CInlineAction.php(49): SiteController->actionSearch()
#10 /home/maks/yii/framework/web/CController.php(308): CInlineAction->runWithParams()
#11 /home/maks/yii/framework/web/CController.php(286): SiteController->runAction()
#12 /home/maks/yii/framework/web/CController.php(265): SiteController->runActionWithFilters()
#13 /home/maks/yii/framework/web/CWebApplication.php(282): SiteController->run()
#14 /home/maks/yii/framework/web/CWebApplication.php(141): CWebApplication->runController()
#15 /home/maks/yii/framework/base/CApplication.php(185): CWebApplication->processRequest()
#16 /home/maks/projects/testTask/index.php(13): CWebApplication->run()
REQUEST_URI=/index.php?r=site%2Fsearch&query=
in /home/maks/projects/testTask/vendor/knplabs/github-api/lib/Github/HttpClient/Plugin/GithubExceptionThrower.php (57)
in /home/maks/projects/testTask/vendor/php-http/httplug/src/Promise/HttpFulfilledPromise.php (34)
in /home/maks/projects/testTask/vendor/knplabs/github-api/lib/Github/HttpClient/Plugin/GithubExceptionThrower.php (88)
2017/01/05 13:29:53 [error] [php] call_user_func_array() expects parameter 1 to be a valid callback, class 'Github\Api\Repo' does not have a method 'repositories' (/home/maks/projects/testTask/vendor/knplabs/github-api/lib/Github/ResultPager.php:190)
Stack trace:
#0 /home/maks/projects/testTask/protected/controllers/SiteController.php(73): Github\ResultPager->fetchAll()
#1 /home/maks/yii/framework/web/actions/CInlineAction.php(49): SiteController->actionSearch()
#2 /home/maks/yii/framework/web/CController.php(308): CInlineAction->runWithParams()
#3 /home/maks/yii/framework/web/CController.php(286): SiteController->runAction()
#4 /home/maks/yii/framework/web/CController.php(265): SiteController->runActionWithFilters()
#5 /home/maks/yii/framework/web/CWebApplication.php(282): SiteController->run()
#6 /home/maks/yii/framework/web/CWebApplication.php(141): CWebApplication->runController()
#7 /home/maks/yii/framework/base/CApplication.php(185): CWebApplication->processRequest()
#8 /home/maks/projects/testTask/index.php(13): CWebApplication->run()
REQUEST_URI=/index.php?r=site%2Fsearch&query=yii
in /home/maks/projects/testTask/vendor/knplabs/github-api/lib/Github/ResultPager.php (190)
in /home/maks/projects/testTask/vendor/knplabs/github-api/lib/Github/ResultPager.php (81)
in /home/maks/projects/testTask/protected/controllers/SiteController.php (73)
2017/01/05 13:32:13 [error] [exception.Github\Exception\ApiLimitExceedException] Github\Exception\ApiLimitExceedException: You have reached GitHub hourly limit! Actual limit is: 60 in /home/maks/projects/testTask/vendor/knplabs/github-api/lib/Github/HttpClient/Plugin/GithubExceptionThrower.php:37
Stack trace:
#0 /home/maks/projects/testTask/vendor/php-http/httplug/src/Promise/HttpFulfilledPromise.php(34): Github\HttpClient\Plugin\GithubExceptionThrower->Github\HttpClient\Plugin\{closure}(Object(GuzzleHttp\Psr7\Response))
#1 /home/maks/projects/testTask/vendor/knplabs/github-api/lib/Github/HttpClient/Plugin/GithubExceptionThrower.php(88): Http\Client\Promise\HttpFulfilledPromise->then(Object(Closure))
#2 /home/maks/projects/testTask/vendor/php-http/client-common/src/PluginClient.php(156): Github\HttpClient\Plugin\GithubExceptionThrower->handleRequest(Object(GuzzleHttp\Psr7\Request), Object(Closure), Object(Closure))
#3 /home/maks/projects/testTask/vendor/php-http/client-common/src/PluginClient.php(170): Http\Client\Common\PluginClient->Http\Client\Common\{closure}(Object(GuzzleHttp\Psr7\Request))
#4 /home/maks/projects/testTask/vendor/php-http/client-common/src/PluginClient.php(87): Http\Client\Common\PluginClient->Http\Client\Common\{closure}(Object(GuzzleHttp\Psr7\Request))
#5 /home/maks/projects/testTask/vendor/php-http/client-common/src/HttpMethodsClient.php(203): Http\Client\Common\PluginClient->sendRequest(Object(GuzzleHttp\Psr7\Request))
#6 /home/maks/projects/testTask/vendor/php-http/client-common/src/HttpMethodsClient.php(188): Http\Client\Common\HttpMethodsClient->sendRequest(Object(GuzzleHttp\Psr7\Request))
#7 /home/maks/projects/testTask/vendor/php-http/client-common/src/HttpMethodsClient.php(61): Http\Client\Common\HttpMethodsClient->send('GET', 'https://api.git...', Array, NULL)
#8 /home/maks/projects/testTask/vendor/knplabs/github-api/lib/Github/ResultPager.php(174): Http\Client\Common\HttpMethodsClient->get('https://api.git...')
#9 /home/maks/projects/testTask/vendor/knplabs/github-api/lib/Github/ResultPager.php(125): Github\ResultPager->get('next')
#10 /home/maks/projects/testTask/vendor/knplabs/github-api/lib/Github/ResultPager.php(89): Github\ResultPager->fetchNext()
#11 /home/maks/projects/testTask/protected/controllers/SiteController.php(73): Github\ResultPager->fetchAll(Object(Github\Api\Repo), 'all', Array)
#12 /home/maks/yii/framework/web/actions/CInlineAction.php(49): SiteController->actionSearch()
#13 /home/maks/yii/framework/web/CController.php(308): CInlineAction->runWithParams(Array)
#14 /home/maks/yii/framework/web/CController.php(286): CController->runAction(Object(CInlineAction))
#15 /home/maks/yii/framework/web/CController.php(265): CController->runActionWithFilters(Object(CInlineAction), Array)
#16 /home/maks/yii/framework/web/CWebApplication.php(282): CController->run('search')
#17 /home/maks/yii/framework/web/CWebApplication.php(141): CWebApplication->runController('site/search')
#18 /home/maks/yii/framework/base/CApplication.php(185): CWebApplication->processRequest()
#19 /home/maks/projects/testTask/index.php(13): CApplication->run()
#20 {main}
REQUEST_URI=/index.php?r=site%2Fsearch&query=yii
HTTP_REFERER=http://testtask/index.php
---
2017/01/05 13:34:49 [error] [exception.Github\Exception\ApiLimitExceedException] Github\Exception\ApiLimitExceedException: You have reached GitHub hourly limit! Actual limit is: 10 in /home/maks/projects/testTask/vendor/knplabs/github-api/lib/Github/HttpClient/Plugin/GithubExceptionThrower.php:37
Stack trace:
#0 /home/maks/projects/testTask/vendor/php-http/httplug/src/Promise/HttpFulfilledPromise.php(34): Github\HttpClient\Plugin\GithubExceptionThrower->Github\HttpClient\Plugin\{closure}(Object(GuzzleHttp\Psr7\Response))
#1 /home/maks/projects/testTask/vendor/knplabs/github-api/lib/Github/HttpClient/Plugin/GithubExceptionThrower.php(88): Http\Client\Promise\HttpFulfilledPromise->then(Object(Closure))
#2 /home/maks/projects/testTask/vendor/php-http/client-common/src/PluginClient.php(156): Github\HttpClient\Plugin\GithubExceptionThrower->handleRequest(Object(GuzzleHttp\Psr7\Request), Object(Closure), Object(Closure))
#3 /home/maks/projects/testTask/vendor/php-http/client-common/src/PluginClient.php(170): Http\Client\Common\PluginClient->Http\Client\Common\{closure}(Object(GuzzleHttp\Psr7\Request))
#4 /home/maks/projects/testTask/vendor/php-http/client-common/src/PluginClient.php(87): Http\Client\Common\PluginClient->Http\Client\Common\{closure}(Object(GuzzleHttp\Psr7\Request))
#5 /home/maks/projects/testTask/vendor/php-http/client-common/src/HttpMethodsClient.php(203): Http\Client\Common\PluginClient->sendRequest(Object(GuzzleHttp\Psr7\Request))
#6 /home/maks/projects/testTask/vendor/php-http/client-common/src/HttpMethodsClient.php(188): Http\Client\Common\HttpMethodsClient->sendRequest(Object(GuzzleHttp\Psr7\Request))
#7 /home/maks/projects/testTask/vendor/php-http/client-common/src/HttpMethodsClient.php(61): Http\Client\Common\HttpMethodsClient->send('GET', '/search/reposit...', Array, NULL)
#8 /home/maks/projects/testTask/vendor/knplabs/github-api/lib/Github/Api/AbstractApi.php(81): Http\Client\Common\HttpMethodsClient->get('/search/reposit...', Array)
#9 /home/maks/projects/testTask/vendor/knplabs/github-api/lib/Github/Api/Search.php(26): Github\Api\AbstractApi->get('/search/reposit...', Array)
#10 /home/maks/projects/testTask/protected/controllers/SiteController.php(75): Github\Api\Search->repositories('yii')
#11 /home/maks/yii/framework/web/actions/CInlineAction.php(49): SiteController->actionSearch()
#12 /home/maks/yii/framework/web/CController.php(308): CInlineAction->runWithParams(Array)
#13 /home/maks/yii/framework/web/CController.php(286): CController->runAction(Object(CInlineAction))
#14 /home/maks/yii/framework/web/CController.php(265): CController->runActionWithFilters(Object(CInlineAction), Array)
#15 /home/maks/yii/framework/web/CWebApplication.php(282): CController->run('search')
#16 /home/maks/yii/framework/web/CWebApplication.php(141): CWebApplication->runController('site/search')
#17 /home/maks/yii/framework/base/CApplication.php(185): CWebApplication->processRequest()
#18 /home/maks/projects/testTask/index.php(13): CApplication->run()
#19 {main}
REQUEST_URI=/index.php?r=site%2Fsearch&query=yii
HTTP_REFERER=http://testtask/index.php
---
2017/01/05 13:49:09 [error] [exception.Error] Error: Call to a member function fetchNext() on null in /home/maks/projects/testTask/protected/controllers/SiteController.php:63
Stack trace:
#0 /home/maks/yii/framework/web/actions/CInlineAction.php(49): SiteController->actionNext()
#1 /home/maks/yii/framework/web/CController.php(308): CInlineAction->runWithParams(Array)
#2 /home/maks/yii/framework/web/CController.php(286): CController->runAction(Object(CInlineAction))
#3 /home/maks/yii/framework/web/CController.php(265): CController->runActionWithFilters(Object(CInlineAction), Array)
#4 /home/maks/yii/framework/web/CWebApplication.php(282): CController->run('next')
#5 /home/maks/yii/framework/web/CWebApplication.php(141): CWebApplication->runController('site/next')
#6 /home/maks/yii/framework/base/CApplication.php(185): CWebApplication->processRequest()
#7 /home/maks/projects/testTask/index.php(13): CApplication->run()
#8 {main}
REQUEST_URI=/index.php?r=site/next
HTTP_REFERER=http://testtask/index.php?r=site%2Fsearch&query=yii
---
2017/01/05 13:50:49 [error] [exception.Error] Error: Call to a member function fetchNext() on null in /home/maks/projects/testTask/protected/controllers/SiteController.php:63
Stack trace:
#0 /home/maks/yii/framework/web/actions/CInlineAction.php(49): SiteController->actionNext()
#1 /home/maks/yii/framework/web/CController.php(308): CInlineAction->runWithParams(Array)
#2 /home/maks/yii/framework/web/CController.php(286): CController->runAction(Object(CInlineAction))
#3 /home/maks/yii/framework/web/CController.php(265): CController->runActionWithFilters(Object(CInlineAction), Array)
#4 /home/maks/yii/framework/web/CWebApplication.php(282): CController->run('next')
#5 /home/maks/yii/framework/web/CWebApplication.php(141): CWebApplication->runController('site/next')
#6 /home/maks/yii/framework/base/CApplication.php(185): CWebApplication->processRequest()
#7 /home/maks/projects/testTask/index.php(13): CApplication->run()
#8 {main}
REQUEST_URI=/index.php?r=site/next
HTTP_REFERER=http://testtask/index.php?r=site%2Fsearch&query=yii
---
2017/01/05 13:54:54 [error] [php] Undefined variable: _SESSION (/home/maks/projects/testTask/protected/controllers/SiteController.php:60)
Stack trace:
#0 /home/maks/yii/framework/web/CController.php(286): SiteController->runAction()
#1 /home/maks/yii/framework/web/CController.php(265): SiteController->runActionWithFilters()
#2 /home/maks/yii/framework/web/CWebApplication.php(282): SiteController->run()
#3 /home/maks/yii/framework/web/CWebApplication.php(141): CWebApplication->runController()
#4 /home/maks/yii/framework/base/CApplication.php(185): CWebApplication->processRequest()
#5 /home/maks/projects/testTask/index.php(13): CWebApplication->run()
REQUEST_URI=/index.php?r=site/next
in /home/maks/projects/testTask/protected/controllers/SiteController.php (60)
in /home/maks/projects/testTask/index.php (13)
2017/01/05 13:56:50 [error] [exception.Github\Exception\ApiLimitExceedException] Github\Exception\ApiLimitExceedException: You have reached GitHub hourly limit! Actual limit is: 60 in /home/maks/projects/testTask/vendor/knplabs/github-api/lib/Github/HttpClient/Plugin/GithubExceptionThrower.php:37
Stack trace:
#0 /home/maks/projects/testTask/vendor/php-http/httplug/src/Promise/HttpFulfilledPromise.php(34): Github\HttpClient\Plugin\GithubExceptionThrower->Github\HttpClient\Plugin\{closure}(Object(GuzzleHttp\Psr7\Response))
#1 /home/maks/projects/testTask/vendor/knplabs/github-api/lib/Github/HttpClient/Plugin/GithubExceptionThrower.php(88): Http\Client\Promise\HttpFulfilledPromise->then(Object(Closure))
#2 /home/maks/projects/testTask/vendor/php-http/client-common/src/PluginClient.php(156): Github\HttpClient\Plugin\GithubExceptionThrower->handleRequest(Object(GuzzleHttp\Psr7\Request), Object(Closure), Object(Closure))
#3 /home/maks/projects/testTask/vendor/php-http/client-common/src/PluginClient.php(170): Http\Client\Common\PluginClient->Http\Client\Common\{closure}(Object(GuzzleHttp\Psr7\Request))
#4 /home/maks/projects/testTask/vendor/php-http/client-common/src/PluginClient.php(87): Http\Client\Common\PluginClient->Http\Client\Common\{closure}(Object(GuzzleHttp\Psr7\Request))
#5 /home/maks/projects/testTask/vendor/php-http/client-common/src/HttpMethodsClient.php(203): Http\Client\Common\PluginClient->sendRequest(Object(GuzzleHttp\Psr7\Request))
#6 /home/maks/projects/testTask/vendor/php-http/client-common/src/HttpMethodsClient.php(188): Http\Client\Common\HttpMethodsClient->sendRequest(Object(GuzzleHttp\Psr7\Request))
#7 /home/maks/projects/testTask/vendor/php-http/client-common/src/HttpMethodsClient.php(61): Http\Client\Common\HttpMethodsClient->send('GET', '/repos/yiisoft/...', Array, NULL)
#8 /home/maks/projects/testTask/vendor/knplabs/github-api/lib/Github/Api/AbstractApi.php(81): Http\Client\Common\HttpMethodsClient->get('/repos/yiisoft/...', Array)
#9 /home/maks/projects/testTask/vendor/knplabs/github-api/lib/Github/Api/Repo.php(149): Github\Api\AbstractApi->get('/repos/yiisoft/...')
#10 /home/maks/projects/testTask/protected/controllers/SiteController.php(40): Github\Api\Repo->show('yiisoft', 'yii')
#11 /home/maks/yii/framework/web/actions/CInlineAction.php(49): SiteController->actionIndex()
#12 /home/maks/yii/framework/web/CController.php(308): CInlineAction->runWithParams(Array)
#13 /home/maks/yii/framework/web/CController.php(286): CController->runAction(Object(CInlineAction))
#14 /home/maks/yii/framework/web/CController.php(265): CController->runActionWithFilters(Object(CInlineAction), Array)
#15 /home/maks/yii/framework/web/CWebApplication.php(282): CController->run('')
#16 /home/maks/yii/framework/web/CWebApplication.php(141): CWebApplication->runController('')
#17 /home/maks/yii/framework/base/CApplication.php(185): CWebApplication->processRequest()
#18 /home/maks/projects/testTask/index.php(13): CApplication->run()
#19 {main}
REQUEST_URI=/
---
2017/01/05 13:57:00 [error] [exception.Github\Exception\ApiLimitExceedException] Github\Exception\ApiLimitExceedException: You have reached GitHub hourly limit! Actual limit is: 60 in /home/maks/projects/testTask/vendor/knplabs/github-api/lib/Github/HttpClient/Plugin/GithubExceptionThrower.php:37
Stack trace:
#0 /home/maks/projects/testTask/vendor/php-http/httplug/src/Promise/HttpFulfilledPromise.php(34): Github\HttpClient\Plugin\GithubExceptionThrower->Github\HttpClient\Plugin\{closure}(Object(GuzzleHttp\Psr7\Response))
#1 /home/maks/projects/testTask/vendor/knplabs/github-api/lib/Github/HttpClient/Plugin/GithubExceptionThrower.php(88): Http\Client\Promise\HttpFulfilledPromise->then(Object(Closure))
#2 /home/maks/projects/testTask/vendor/php-http/client-common/src/PluginClient.php(156): Github\HttpClient\Plugin\GithubExceptionThrower->handleRequest(Object(GuzzleHttp\Psr7\Request), Object(Closure), Object(Closure))
#3 /home/maks/projects/testTask/vendor/php-http/client-common/src/PluginClient.php(170): Http\Client\Common\PluginClient->Http\Client\Common\{closure}(Object(GuzzleHttp\Psr7\Request))
#4 /home/maks/projects/testTask/vendor/php-http/client-common/src/PluginClient.php(87): Http\Client\Common\PluginClient->Http\Client\Common\{closure}(Object(GuzzleHttp\Psr7\Request))
#5 /home/maks/projects/testTask/vendor/php-http/client-common/src/HttpMethodsClient.php(203): Http\Client\Common\PluginClient->sendRequest(Object(GuzzleHttp\Psr7\Request))
#6 /home/maks/projects/testTask/vendor/php-http/client-common/src/HttpMethodsClient.php(188): Http\Client\Common\HttpMethodsClient->sendRequest(Object(GuzzleHttp\Psr7\Request))
#7 /home/maks/projects/testTask/vendor/php-http/client-common/src/HttpMethodsClient.php(61): Http\Client\Common\HttpMethodsClient->send('GET', '/repos/yiisoft/...', Array, NULL)
#8 /home/maks/projects/testTask/vendor/knplabs/github-api/lib/Github/Api/AbstractApi.php(81): Http\Client\Common\HttpMethodsClient->get('/repos/yiisoft/...', Array)
#9 /home/maks/projects/testTask/vendor/knplabs/github-api/lib/Github/Api/Repo.php(149): Github\Api\AbstractApi->get('/repos/yiisoft/...')
#10 /home/maks/projects/testTask/protected/controllers/SiteController.php(40): Github\Api\Repo->show('yiisoft', 'yii')
#11 /home/maks/yii/framework/web/actions/CInlineAction.php(49): SiteController->actionIndex()
#12 /home/maks/yii/framework/web/CController.php(308): CInlineAction->runWithParams(Array)
#13 /home/maks/yii/framework/web/CController.php(286): CController->runAction(Object(CInlineAction))
#14 /home/maks/yii/framework/web/CController.php(265): CController->runActionWithFilters(Object(CInlineAction), Array)
#15 /home/maks/yii/framework/web/CWebApplication.php(282): CController->run('')
#16 /home/maks/yii/framework/web/CWebApplication.php(141): CWebApplication->runController('')
#17 /home/maks/yii/framework/base/CApplication.php(185): CWebApplication->processRequest()
#18 /home/maks/projects/testTask/index.php(13): CApplication->run()
#19 {main}
REQUEST_URI=/
---
2017/01/05 13:57:16 [error] [php] session_start(): Cannot send session cookie - headers already sent by (output started at /home/maks/projects/testTask/protected/controllers/SiteController.php:88) (/home/maks/projects/testTask/protected/views/layouts/main.php:2)
Stack trace:
#0 /home/maks/yii/framework/web/CBaseController.php(95): SiteController->renderInternal()
#1 /home/maks/yii/framework/web/widgets/CContentDecorator.php(76): SiteController->renderFile()
#2 /home/maks/yii/framework/web/widgets/CContentDecorator.php(54): CContentDecorator->decorate()
#3 /home/maks/yii/framework/web/widgets/COutputProcessor.php(44): CContentDecorator->processOutput()
#4 /home/maks/yii/framework/web/CBaseController.php(214): CContentDecorator->run()
#5 /home/maks/yii/framework/web/CBaseController.php(308): SiteController->endWidget()
#6 /home/maks/projects/testTask/protected/views/layouts/column1.php(6): SiteController->endContent()
#7 /home/maks/yii/framework/web/CBaseController.php(126): require()
#8 /home/maks/yii/framework/web/CBaseController.php(95): SiteController->renderInternal()
#9 /home/maks/yii/framework/web/CController.php(784): SiteController->renderFile()
#10 /home/maks/projects/testTask/protected/controllers/SiteController.php(94): SiteController->render()
#11 /home/maks/yii/framework/web/actions/CInlineAction.php(49): SiteController->actionSearch()
#12 /home/maks/yii/framework/web/CController.php(308): CInlineAction->runWithParams()
#13 /home/maks/yii/framework/web/CController.php(286): SiteController->runAction()
#14 /home/maks/yii/framework/web/CController.php(265): SiteController->runActionWithFilters()
#15 /home/maks/yii/framework/web/CWebApplication.php(282): SiteController->run()
#16 /home/maks/yii/framework/web/CWebApplication.php(141): CWebApplication->runController()
#17 /home/maks/yii/framework/base/CApplication.php(185): CWebApplication->processRequest()
#18 /home/maks/projects/testTask/index.php(13): CWebApplication->run()
REQUEST_URI=/index.php?r=site%2Fsearch&query=yii
in /home/maks/projects/testTask/protected/views/layouts/main.php (2)
in /home/maks/projects/testTask/protected/views/layouts/column1.php (6)
in /home/maks/projects/testTask/protected/controllers/SiteController.php (94)
2017/01/05 13:59:29 [error] [php] session_start(): Cannot send session cookie - headers already sent by (output started at /home/maks/projects/testTask/protected/controllers/SiteController.php:88) (/home/maks/projects/testTask/protected/views/layouts/main.php:2)
Stack trace:
#0 /home/maks/yii/framework/web/CBaseController.php(95): SiteController->renderInternal()
#1 /home/maks/yii/framework/web/widgets/CContentDecorator.php(76): SiteController->renderFile()
#2 /home/maks/yii/framework/web/widgets/CContentDecorator.php(54): CContentDecorator->decorate()
#3 /home/maks/yii/framework/web/widgets/COutputProcessor.php(44): CContentDecorator->processOutput()
#4 /home/maks/yii/framework/web/CBaseController.php(214): CContentDecorator->run()
#5 /home/maks/yii/framework/web/CBaseController.php(308): SiteController->endWidget()
#6 /home/maks/projects/testTask/protected/views/layouts/column1.php(6): SiteController->endContent()
#7 /home/maks/yii/framework/web/CBaseController.php(126): require()
#8 /home/maks/yii/framework/web/CBaseController.php(95): SiteController->renderInternal()
#9 /home/maks/yii/framework/web/CController.php(784): SiteController->renderFile()
#10 /home/maks/projects/testTask/protected/controllers/SiteController.php(94): SiteController->render()
#11 /home/maks/yii/framework/web/actions/CInlineAction.php(49): SiteController->actionSearch()
#12 /home/maks/yii/framework/web/CController.php(308): CInlineAction->runWithParams()
#13 /home/maks/yii/framework/web/CController.php(286): SiteController->runAction()
#14 /home/maks/yii/framework/web/CController.php(265): SiteController->runActionWithFilters()
#15 /home/maks/yii/framework/web/CWebApplication.php(282): SiteController->run()
#16 /home/maks/yii/framework/web/CWebApplication.php(141): CWebApplication->runController()
#17 /home/maks/yii/framework/base/CApplication.php(185): CWebApplication->processRequest()
#18 /home/maks/projects/testTask/index.php(13): CWebApplication->run()
REQUEST_URI=/index.php?r=site%2Fsearch&query=yii
in /home/maks/projects/testTask/protected/views/layouts/main.php (2)
in /home/maks/projects/testTask/protected/views/layouts/column1.php (6)
in /home/maks/projects/testTask/protected/controllers/SiteController.php (94)
2017/01/05 13:59:53 [error] [php] Undefined variable: _SESSION (/home/maks/projects/testTask/protected/controllers/SiteController.php:60)
Stack trace:
#0 /home/maks/yii/framework/web/CController.php(286): SiteController->runAction()
#1 /home/maks/yii/framework/web/CController.php(265): SiteController->runActionWithFilters()
#2 /home/maks/yii/framework/web/CWebApplication.php(282): SiteController->run()
#3 /home/maks/yii/framework/web/CWebApplication.php(141): CWebApplication->runController()
#4 /home/maks/yii/framework/base/CApplication.php(185): CWebApplication->processRequest()
#5 /home/maks/projects/testTask/index.php(13): CWebApplication->run()
REQUEST_URI=/index.php?r=site/next
in /home/maks/projects/testTask/protected/controllers/SiteController.php (60)
in /home/maks/projects/testTask/index.php (13)
2017/01/05 14:01:43 [error] [php] Undefined variable: _SESSION (/home/maks/projects/testTask/protected/controllers/SiteController.php:60)
Stack trace:
#0 /home/maks/yii/framework/web/CController.php(286): SiteController->runAction()
#1 /home/maks/yii/framework/web/CController.php(265): SiteController->runActionWithFilters()
#2 /home/maks/yii/framework/web/CWebApplication.php(282): SiteController->run()
#3 /home/maks/yii/framework/web/CWebApplication.php(141): CWebApplication->runController()
#4 /home/maks/yii/framework/base/CApplication.php(185): CWebApplication->processRequest()
#5 /home/maks/projects/testTask/index.php(13): CWebApplication->run()
REQUEST_URI=/index.php?r=site/next
in /home/maks/projects/testTask/protected/controllers/SiteController.php (60)
in /home/maks/projects/testTask/index.php (13)
2017/01/05 14:01:45 [error] [php] Undefined variable: _SESSION (/home/maks/projects/testTask/protected/controllers/SiteController.php:60)
Stack trace:
#0 /home/maks/yii/framework/web/CController.php(286): SiteController->runAction()
#1 /home/maks/yii/framework/web/CController.php(265): SiteController->runActionWithFilters()
#2 /home/maks/yii/framework/web/CWebApplication.php(282): SiteController->run()
#3 /home/maks/yii/framework/web/CWebApplication.php(141): CWebApplication->runController()
#4 /home/maks/yii/framework/base/CApplication.php(185): CWebApplication->processRequest()
#5 /home/maks/projects/testTask/index.php(13): CWebApplication->run()
REQUEST_URI=/index.php?r=site/next
in /home/maks/projects/testTask/protected/controllers/SiteController.php (60)
in /home/maks/projects/testTask/index.php (13)
2017/01/05 14:01:47 [error] [php] Undefined variable: _SESSION (/home/maks/projects/testTask/protected/controllers/SiteController.php:60)
Stack trace:
#0 /home/maks/yii/framework/web/CController.php(286): SiteController->runAction()
#1 /home/maks/yii/framework/web/CController.php(265): SiteController->runActionWithFilters()
#2 /home/maks/yii/framework/web/CWebApplication.php(282): SiteController->run()
#3 /home/maks/yii/framework/web/CWebApplication.php(141): CWebApplication->runController()
#4 /home/maks/yii/framework/base/CApplication.php(185): CWebApplication->processRequest()
#5 /home/maks/projects/testTask/index.php(13): CWebApplication->run()
REQUEST_URI=/index.php?r=site/next
in /home/maks/projects/testTask/protected/controllers/SiteController.php (60)
in /home/maks/projects/testTask/index.php (13)
2017/01/05 14:01:53 [error] [php] session_start(): Cannot send session cookie - headers already sent by (output started at /home/maks/projects/testTask/protected/controllers/SiteController.php:88) (/home/maks/projects/testTask/protected/views/layouts/main.php:2)
Stack trace:
#0 /home/maks/yii/framework/web/CBaseController.php(95): SiteController->renderInternal()
#1 /home/maks/yii/framework/web/widgets/CContentDecorator.php(76): SiteController->renderFile()
#2 /home/maks/yii/framework/web/widgets/CContentDecorator.php(54): CContentDecorator->decorate()
#3 /home/maks/yii/framework/web/widgets/COutputProcessor.php(44): CContentDecorator->processOutput()
#4 /home/maks/yii/framework/web/CBaseController.php(214): CContentDecorator->run()
#5 /home/maks/yii/framework/web/CBaseController.php(308): SiteController->endWidget()
#6 /home/maks/projects/testTask/protected/views/layouts/column1.php(6): SiteController->endContent()
#7 /home/maks/yii/framework/web/CBaseController.php(126): require()
#8 /home/maks/yii/framework/web/CBaseController.php(95): SiteController->renderInternal()
#9 /home/maks/yii/framework/web/CController.php(784): SiteController->renderFile()
#10 /home/maks/projects/testTask/protected/controllers/SiteController.php(94): SiteController->render()
#11 /home/maks/yii/framework/web/actions/CInlineAction.php(49): SiteController->actionSearch()
#12 /home/maks/yii/framework/web/CController.php(308): CInlineAction->runWithParams()
#13 /home/maks/yii/framework/web/CController.php(286): SiteController->runAction()
#14 /home/maks/yii/framework/web/CController.php(265): SiteController->runActionWithFilters()
#15 /home/maks/yii/framework/web/CWebApplication.php(282): SiteController->run()
#16 /home/maks/yii/framework/web/CWebApplication.php(141): CWebApplication->runController()
#17 /home/maks/yii/framework/base/CApplication.php(185): CWebApplication->processRequest()
#18 /home/maks/projects/testTask/index.php(13): CWebApplication->run()
REQUEST_URI=/index.php?r=site%2Fsearch&query=yii
in /home/maks/projects/testTask/protected/views/layouts/main.php (2)
in /home/maks/projects/testTask/protected/views/layouts/column1.php (6)
in /home/maks/projects/testTask/protected/controllers/SiteController.php (94)
2017/01/05 14:03:04 [error] [php] Undefined variable: _SESSION (/home/maks/projects/testTask/protected/controllers/SiteController.php:60)
Stack trace:
#0 /home/maks/yii/framework/web/CController.php(286): SiteController->runAction()
#1 /home/maks/yii/framework/web/CController.php(265): SiteController->runActionWithFilters()
#2 /home/maks/yii/framework/web/CWebApplication.php(282): SiteController->run()
#3 /home/maks/yii/framework/web/CWebApplication.php(141): CWebApplication->runController()
#4 /home/maks/yii/framework/base/CApplication.php(185): CWebApplication->processRequest()
#5 /home/maks/projects/testTask/index.php(13): CWebApplication->run()
REQUEST_URI=/index.php?r=site/next
in /home/maks/projects/testTask/protected/controllers/SiteController.php (60)
in /home/maks/projects/testTask/index.php (13)
2017/01/05 14:03:20 [error] [php] session_start(): Cannot send session cache limiter - headers already sent (output started at /home/maks/projects/testTask/protected/controllers/SiteController.php:88) (/home/maks/projects/testTask/protected/views/layouts/main.php:2)
Stack trace:
#0 /home/maks/yii/framework/web/CBaseController.php(95): SiteController->renderInternal()
#1 /home/maks/yii/framework/web/widgets/CContentDecorator.php(76): SiteController->renderFile()
#2 /home/maks/yii/framework/web/widgets/CContentDecorator.php(54): CContentDecorator->decorate()
#3 /home/maks/yii/framework/web/widgets/COutputProcessor.php(44): CContentDecorator->processOutput()
#4 /home/maks/yii/framework/web/CBaseController.php(214): CContentDecorator->run()
#5 /home/maks/yii/framework/web/CBaseController.php(308): SiteController->endWidget()
#6 /home/maks/projects/testTask/protected/views/layouts/column1.php(6): SiteController->endContent()
#7 /home/maks/yii/framework/web/CBaseController.php(126): require()
#8 /home/maks/yii/framework/web/CBaseController.php(95): SiteController->renderInternal()
#9 /home/maks/yii/framework/web/CController.php(784): SiteController->renderFile()
#10 /home/maks/projects/testTask/protected/controllers/SiteController.php(94): SiteController->render()
#11 /home/maks/yii/framework/web/actions/CInlineAction.php(49): SiteController->actionSearch()
#12 /home/maks/yii/framework/web/CController.php(308): CInlineAction->runWithParams()
#13 /home/maks/yii/framework/web/CController.php(286): SiteController->runAction()
#14 /home/maks/yii/framework/web/CController.php(265): SiteController->runActionWithFilters()
#15 /home/maks/yii/framework/web/CWebApplication.php(282): SiteController->run()
#16 /home/maks/yii/framework/web/CWebApplication.php(141): CWebApplication->runController()
#17 /home/maks/yii/framework/base/CApplication.php(185): CWebApplication->processRequest()
#18 /home/maks/projects/testTask/index.php(13): CWebApplication->run()
REQUEST_URI=/index.php?r=site%2Fsearch&query=yii
in /home/maks/projects/testTask/protected/views/layouts/main.php (2)
in /home/maks/projects/testTask/protected/views/layouts/column1.php (6)
in /home/maks/projects/testTask/protected/controllers/SiteController.php (94)
2017/01/05 14:06:07 [error] [php] Undefined index: paginator (/home/maks/projects/testTask/protected/controllers/SiteController.php:62)
Stack trace:
#0 /home/maks/yii/framework/web/CController.php(286): SiteController->runAction()
#1 /home/maks/yii/framework/web/CController.php(265): SiteController->runActionWithFilters()
#2 /home/maks/yii/framework/web/CWebApplication.php(282): SiteController->run()
#3 /home/maks/yii/framework/web/CWebApplication.php(141): CWebApplication->runController()
#4 /home/maks/yii/framework/base/CApplication.php(185): CWebApplication->processRequest()
#5 /home/maks/projects/testTask/index.php(13): CWebApplication->run()
REQUEST_URI=/index.php?r=site/next
in /home/maks/projects/testTask/protected/controllers/SiteController.php (62)
in /home/maks/projects/testTask/index.php (13)
2017/01/05 14:06:36 [error] [php] Undefined variable: _SESSION (/home/maks/projects/testTask/protected/controllers/SiteController.php:62)
Stack trace:
#0 /home/maks/yii/framework/web/CController.php(286): SiteController->runAction()
#1 /home/maks/yii/framework/web/CController.php(265): SiteController->runActionWithFilters()
#2 /home/maks/yii/framework/web/CWebApplication.php(282): SiteController->run()
#3 /home/maks/yii/framework/web/CWebApplication.php(141): CWebApplication->runController()
#4 /home/maks/yii/framework/base/CApplication.php(185): CWebApplication->processRequest()
#5 /home/maks/projects/testTask/index.php(13): CWebApplication->run()
REQUEST_URI=/index.php?r=site/next
in /home/maks/projects/testTask/protected/controllers/SiteController.php (62)
in /home/maks/projects/testTask/index.php (13)
2017/01/05 14:07:54 [error] [exception.Error] Error: Call to undefined function start_session() in /home/maks/projects/testTask/protected/controllers/SiteController.php:61
Stack trace:
#0 /home/maks/yii/framework/web/actions/CInlineAction.php(49): SiteController->actionNext()
#1 /home/maks/yii/framework/web/CController.php(308): CInlineAction->runWithParams(Array)
#2 /home/maks/yii/framework/web/CController.php(286): CController->runAction(Object(CInlineAction))
#3 /home/maks/yii/framework/web/CController.php(265): CController->runActionWithFilters(Object(CInlineAction), Array)
#4 /home/maks/yii/framework/web/CWebApplication.php(282): CController->run('next')
#5 /home/maks/yii/framework/web/CWebApplication.php(141): CWebApplication->runController('site/next')
#6 /home/maks/yii/framework/base/CApplication.php(185): CWebApplication->processRequest()
#7 /home/maks/projects/testTask/index.php(13): CApplication->run()
#8 {main}
REQUEST_URI=/index.php?r=site/next
HTTP_REFERER=http://testtask/index.php?r=site%2Fsearch&query=yii
---
2017/01/05 14:08:11 [error] [php] Undefined index: paginator (/home/maks/projects/testTask/protected/controllers/SiteController.php:63)
Stack trace:
#0 /home/maks/yii/framework/web/CController.php(286): SiteController->runAction()
#1 /home/maks/yii/framework/web/CController.php(265): SiteController->runActionWithFilters()
#2 /home/maks/yii/framework/web/CWebApplication.php(282): SiteController->run()
#3 /home/maks/yii/framework/web/CWebApplication.php(141): CWebApplication->runController()
#4 /home/maks/yii/framework/base/CApplication.php(185): CWebApplication->processRequest()
#5 /home/maks/projects/testTask/index.php(13): CWebApplication->run()
REQUEST_URI=/index.php?r=site/next
in /home/maks/projects/testTask/protected/controllers/SiteController.php (63)
in /home/maks/projects/testTask/index.php (13)
2017/01/05 14:08:33 [error] [php] Undefined index: paginator (/home/maks/projects/testTask/protected/controllers/SiteController.php:63)
Stack trace:
#0 /home/maks/yii/framework/web/CController.php(286): SiteController->runAction()
#1 /home/maks/yii/framework/web/CController.php(265): SiteController->runActionWithFilters()
#2 /home/maks/yii/framework/web/CWebApplication.php(282): SiteController->run()
#3 /home/maks/yii/framework/web/CWebApplication.php(141): CWebApplication->runController()
#4 /home/maks/yii/framework/base/CApplication.php(185): CWebApplication->processRequest()
#5 /home/maks/projects/testTask/index.php(13): CWebApplication->run()
REQUEST_URI=/index.php?r=site/next
in /home/maks/projects/testTask/protected/controllers/SiteController.php (63)
in /home/maks/projects/testTask/index.php (13)
2017/01/05 14:09:06 [error] [php] Undefined variable: _SESSION (/home/maks/projects/testTask/protected/controllers/SiteController.php:62)
Stack trace:
#0 /home/maks/yii/framework/web/CController.php(286): SiteController->runAction()
#1 /home/maks/yii/framework/web/CController.php(265): SiteController->runActionWithFilters()
#2 /home/maks/yii/framework/web/CWebApplication.php(282): SiteController->run()
#3 /home/maks/yii/framework/web/CWebApplication.php(141): CWebApplication->runController()
#4 /home/maks/yii/framework/base/CApplication.php(185): CWebApplication->processRequest()
#5 /home/maks/projects/testTask/index.php(13): CWebApplication->run()
REQUEST_URI=/index.php?r=site/next
in /home/maks/projects/testTask/protected/controllers/SiteController.php (62)
in /home/maks/projects/testTask/index.php (13)
2017/01/05 14:15:35 [error] [php] A session had already been started - ignoring session_start() (/home/maks/projects/testTask/protected/views/layouts/main.php:2)
Stack trace:
#0 /home/maks/yii/framework/web/CBaseController.php(95): SiteController->renderInternal()
#1 /home/maks/yii/framework/web/widgets/CContentDecorator.php(76): SiteController->renderFile()
#2 /home/maks/yii/framework/web/widgets/CContentDecorator.php(54): CContentDecorator->decorate()
#3 /home/maks/yii/framework/web/widgets/COutputProcessor.php(44): CContentDecorator->processOutput()
#4 /home/maks/yii/framework/web/CBaseController.php(214): CContentDecorator->run()
#5 /home/maks/yii/framework/web/CBaseController.php(308): SiteController->endWidget()
#6 /home/maks/projects/testTask/protected/views/layouts/column1.php(6): SiteController->endContent()
#7 /home/maks/yii/framework/web/CBaseController.php(126): require()
#8 /home/maks/yii/framework/web/CBaseController.php(95): SiteController->renderInternal()
#9 /home/maks/yii/framework/web/CController.php(784): SiteController->renderFile()
#10 /home/maks/projects/testTask/protected/controllers/SiteController.php(100): SiteController->render()
#11 /home/maks/yii/framework/web/actions/CInlineAction.php(49): SiteController->actionSearch()
#12 /home/maks/yii/framework/web/CController.php(308): CInlineAction->runWithParams()
#13 /home/maks/yii/framework/web/CController.php(286): SiteController->runAction()
#14 /home/maks/yii/framework/web/CController.php(265): SiteController->runActionWithFilters()
#15 /home/maks/yii/framework/web/CWebApplication.php(282): SiteController->run()
#16 /home/maks/yii/framework/web/CWebApplication.php(141): CWebApplication->runController()
#17 /home/maks/yii/framework/base/CApplication.php(185): CWebApplication->processRequest()
#18 /home/maks/projects/testTask/index.php(13): CWebApplication->run()
REQUEST_URI=/index.php?r=site%2Fsearch&query=yii
in /home/maks/projects/testTask/protected/views/layouts/main.php (2)
in /home/maks/projects/testTask/protected/views/layouts/column1.php (6)
in /home/maks/projects/testTask/protected/controllers/SiteController.php (100)
2017/01/05 14:21:32 [error] [exception.Error] Error: Call to undefined function session_register() in /home/maks/projects/testTask/protected/controllers/SiteController.php:93
Stack trace:
#0 /home/maks/yii/framework/web/actions/CInlineAction.php(49): SiteController->actionSearch()
#1 /home/maks/yii/framework/web/CController.php(308): CInlineAction->runWithParams(Array)
#2 /home/maks/yii/framework/web/CController.php(286): CController->runAction(Object(CInlineAction))
#3 /home/maks/yii/framework/web/CController.php(265): CController->runActionWithFilters(Object(CInlineAction), Array)
#4 /home/maks/yii/framework/web/CWebApplication.php(282): CController->run('search')
#5 /home/maks/yii/framework/web/CWebApplication.php(141): CWebApplication->runController('site/search')
#6 /home/maks/yii/framework/base/CApplication.php(185): CWebApplication->processRequest()
#7 /home/maks/projects/testTask/index.php(13): CApplication->run()
#8 {main}
REQUEST_URI=/index.php?r=site%2Fsearch&query=yii
HTTP_REFERER=http://testtask/index.php
---
2017/01/05 14:22:39 [error] [exception.Error] Error: Call to undefined function session_register() in /home/maks/projects/testTask/protected/controllers/SiteController.php:93
Stack trace:
#0 /home/maks/yii/framework/web/actions/CInlineAction.php(49): SiteController->actionSearch()
#1 /home/maks/yii/framework/web/CController.php(308): CInlineAction->runWithParams(Array)
#2 /home/maks/yii/framework/web/CController.php(286): CController->runAction(Object(CInlineAction))
#3 /home/maks/yii/framework/web/CController.php(265): CController->runActionWithFilters(Object(CInlineAction), Array)
#4 /home/maks/yii/framework/web/CWebApplication.php(282): CController->run('search')
#5 /home/maks/yii/framework/web/CWebApplication.php(141): CWebApplication->runController('site/search')
#6 /home/maks/yii/framework/base/CApplication.php(185): CWebApplication->processRequest()
#7 /home/maks/projects/testTask/index.php(13): CApplication->run()
#8 {main}
REQUEST_URI=/index.php?r=site%2Fsearch&query=yii
HTTP_REFERER=http://testtask/index.php
---
2017/01/05 14:30:16 [error] [php] Undefined variable: _SESSION (/home/maks/projects/testTask/protected/controllers/SiteController.php:61)
Stack trace:
#0 /home/maks/yii/framework/web/CController.php(286): SiteController->runAction()
#1 /home/maks/yii/framework/web/CController.php(265): SiteController->runActionWithFilters()
#2 /home/maks/yii/framework/web/CWebApplication.php(282): SiteController->run()
#3 /home/maks/yii/framework/web/CWebApplication.php(141): CWebApplication->runController()
#4 /home/maks/yii/framework/base/CApplication.php(185): CWebApplication->processRequest()
#5 /home/maks/projects/testTask/index.php(13): CWebApplication->run()
REQUEST_URI=/index.php?r=site/next
in /home/maks/projects/testTask/protected/controllers/SiteController.php (61)
in /home/maks/projects/testTask/index.php (13)
2017/01/05 15:38:56 [error] [exception.Error] Error: Class 'Github\Client' not found in /home/maks/projects/testTask/protected/controllers/ReposController.php:27
Stack trace:
#0 /home/maks/yii/framework/web/actions/CInlineAction.php(49): ReposController->actionLike()
#1 /home/maks/yii/framework/web/CController.php(308): CInlineAction->runWithParams(Array)
#2 /home/maks/yii/framework/web/CController.php(286): CController->runAction(Object(CInlineAction))
#3 /home/maks/yii/framework/web/CController.php(265): CController->runActionWithFilters(Object(CInlineAction), Array)
#4 /home/maks/yii/framework/web/CWebApplication.php(282): CController->run('like')
#5 /home/maks/yii/framework/web/CWebApplication.php(141): CWebApplication->runController('repos/like')
#6 /home/maks/yii/framework/base/CApplication.php(185): CWebApplication->processRequest()
#7 /home/maks/projects/testTask/index.php(13): CApplication->run()
#8 {main}
REQUEST_URI=/index.php?r=repos/like&id=76664235&name=treinamento-yii&login=gabrielmc
HTTP_REFERER=http://testtask/index.php?r=site%2Fsearch&query=yii
---
2017/01/05 15:39:13 [error] [exception.Error] Error: Class 'Github\Client' not found in /home/maks/projects/testTask/protected/controllers/ReposController.php:27
Stack trace:
#0 /home/maks/yii/framework/web/actions/CInlineAction.php(49): ReposController->actionLike()
#1 /home/maks/yii/framework/web/CController.php(308): CInlineAction->runWithParams(Array)
#2 /home/maks/yii/framework/web/CController.php(286): CController->runAction(Object(CInlineAction))
#3 /home/maks/yii/framework/web/CController.php(265): CController->runActionWithFilters(Object(CInlineAction), Array)
#4 /home/maks/yii/framework/web/CWebApplication.php(282): CController->run('like')
#5 /home/maks/yii/framework/web/CWebApplication.php(141): CWebApplication->runController('repos/like')
#6 /home/maks/yii/framework/base/CApplication.php(185): CWebApplication->processRequest()
#7 /home/maks/projects/testTask/index.php(13): CApplication->run()
#8 {main}
REQUEST_URI=/index.php?r=repos/like&id=78109118&name=yii2&login=bao2703
HTTP_REFERER=http://testtask/index.php?r=site%2Fsearch&query=yii
---
2017/01/05 15:45:17 [error] [exception.CException] CException: Property "Repos.save" is not defined. in /home/maks/yii/framework/base/CComponent.php:130
Stack trace:
#0 /home/maks/yii/framework/db/ar/CActiveRecord.php(145): CComponent->__get('save')
#1 /home/maks/projects/testTask/protected/controllers/ReposController.php(43): CActiveRecord->__get('save')
#2 /home/maks/yii/framework/web/actions/CInlineAction.php(49): ReposController->actionLike()
#3 /home/maks/yii/framework/web/CController.php(308): CInlineAction->runWithParams(Array)
#4 /home/maks/yii/framework/web/CController.php(286): CController->runAction(Object(CInlineAction))
#5 /home/maks/yii/framework/web/CController.php(265): CController->runActionWithFilters(Object(CInlineAction), Array)
#6 /home/maks/yii/framework/web/CWebApplication.php(282): CController->run('like')
#7 /home/maks/yii/framework/web/CWebApplication.php(141): CWebApplication->runController('repos/like')
#8 /home/maks/yii/framework/base/CApplication.php(185): CWebApplication->processRequest()
#9 /home/maks/projects/testTask/index.php(13): CApplication->run()
#10 {main}
REQUEST_URI=/index.php?r=repos/like&id=78023916&name=yii1-start-app&login=ovcharove
HTTP_REFERER=http://testtask/index.php?r=site%2Fsearch&query=yii
---
2017/01/05 15:45:22 [error] [exception.CException] CException: Property "Repos.save" is not defined. in /home/maks/yii/framework/base/CComponent.php:130
Stack trace:
#0 /home/maks/yii/framework/db/ar/CActiveRecord.php(145): CComponent->__get('save')
#1 /home/maks/projects/testTask/protected/controllers/ReposController.php(43): CActiveRecord->__get('save')
#2 /home/maks/yii/framework/web/actions/CInlineAction.php(49): ReposController->actionLike()
#3 /home/maks/yii/framework/web/CController.php(308): CInlineAction->runWithParams(Array)
#4 /home/maks/yii/framework/web/CController.php(286): CController->runAction(Object(CInlineAction))
#5 /home/maks/yii/framework/web/CController.php(265): CController->runActionWithFilters(Object(CInlineAction), Array)
#6 /home/maks/yii/framework/web/CWebApplication.php(282): CController->run('like')
#7 /home/maks/yii/framework/web/CWebApplication.php(141): CWebApplication->runController('repos/like')
#8 /home/maks/yii/framework/base/CApplication.php(185): CWebApplication->processRequest()
#9 /home/maks/projects/testTask/index.php(13): CApplication->run()
#10 {main}
REQUEST_URI=/index.php?r=repos/like&id=78023916&name=yii1-start-app&login=ovcharove
HTTP_REFERER=http://testtask/index.php?r=site%2Fsearch&query=yii
---
2017/01/05 15:52:37 [error] [system.db.CDbCommand] CDbCommand::fetchAll() failed: SQLSTATE[42000]: Syntax error or access violation: 1064 You have an error in your SQL syntax; check the manual that corresponds to your MySQL server version for the right syntax to use near '%\''yii'\'%' at line 1. The SQL statement executed was: SELECT * FROM `repos` `t` WHERE name LIKE %\':name\'%.
in /home/maks/projects/testTask/protected/controllers/SiteController.php (91)
in /home/maks/projects/testTask/index.php (13)
2017/01/05 15:52:37 [error] [exception.CDbException] CDbException: CDbCommand failed to execute the SQL statement: SQLSTATE[42000]: Syntax error or access violation: 1064 You have an error in your SQL syntax; check the manual that corresponds to your MySQL server version for the right syntax to use near '%\''yii'\'%' at line 1. The SQL statement executed was: SELECT * FROM `repos` `t` WHERE name LIKE %\':name\'% in /home/maks/yii/framework/db/CDbCommand.php:543
Stack trace:
#0 /home/maks/yii/framework/db/CDbCommand.php(396): CDbCommand->queryInternal('fetchAll', Array, Array)
#1 /home/maks/yii/framework/db/ar/CActiveRecord.php(1356): CDbCommand->queryAll()
#2 /home/maks/yii/framework/db/ar/CActiveRecord.php(1475): CActiveRecord->query(Object(CDbCriteria), true)
#3 /home/maks/projects/testTask/protected/controllers/SiteController.php(91): CActiveRecord->findAll('name LIKE %\\':n...', Array)
#4 /home/maks/yii/framework/web/actions/CInlineAction.php(49): SiteController->actionSearch()
#5 /home/maks/yii/framework/web/CController.php(308): CInlineAction->runWithParams(Array)
#6 /home/maks/yii/framework/web/CController.php(286): CController->runAction(Object(CInlineAction))
#7 /home/maks/yii/framework/web/CController.php(265): CController->runActionWithFilters(Object(CInlineAction), Array)
#8 /home/maks/yii/framework/web/CWebApplication.php(282): CController->run('search')
#9 /home/maks/yii/framework/web/CWebApplication.php(141): CWebApplication->runController('site/search')
#10 /home/maks/yii/framework/base/CApplication.php(185): CWebApplication->processRequest()
#11 /home/maks/projects/testTask/index.php(13): CApplication->run()
#12 {main}
REQUEST_URI=/index.php?r=site%2Fsearch&query=yii
HTTP_REFERER=http://testtask/index.php
---
2017/01/05 15:52:54 [error] [system.db.CDbCommand] CDbCommand::fetchAll() failed: SQLSTATE[42000]: Syntax error or access violation: 1064 You have an error in your SQL syntax; check the manual that corresponds to your MySQL server version for the right syntax to use near '%'yii'%' at line 1. The SQL statement executed was: SELECT * FROM `repos` `t` WHERE name LIKE %:name%.
in /home/maks/projects/testTask/protected/controllers/SiteController.php (91)
in /home/maks/projects/testTask/index.php (13)
2017/01/05 15:52:54 [error] [exception.CDbException] CDbException: CDbCommand failed to execute the SQL statement: SQLSTATE[42000]: Syntax error or access violation: 1064 You have an error in your SQL syntax; check the manual that corresponds to your MySQL server version for the right syntax to use near '%'yii'%' at line 1. The SQL statement executed was: SELECT * FROM `repos` `t` WHERE name LIKE %:name% in /home/maks/yii/framework/db/CDbCommand.php:543
Stack trace:
#0 /home/maks/yii/framework/db/CDbCommand.php(396): CDbCommand->queryInternal('fetchAll', Array, Array)
#1 /home/maks/yii/framework/db/ar/CActiveRecord.php(1356): CDbCommand->queryAll()
#2 /home/maks/yii/framework/db/ar/CActiveRecord.php(1475): CActiveRecord->query(Object(CDbCriteria), true)
#3 /home/maks/projects/testTask/protected/controllers/SiteController.php(91): CActiveRecord->findAll('name LIKE %:nam...', Array)
#4 /home/maks/yii/framework/web/actions/CInlineAction.php(49): SiteController->actionSearch()
#5 /home/maks/yii/framework/web/CController.php(308): CInlineAction->runWithParams(Array)
#6 /home/maks/yii/framework/web/CController.php(286): CController->runAction(Object(CInlineAction))
#7 /home/maks/yii/framework/web/CController.php(265): CController->runActionWithFilters(Object(CInlineAction), Array)
#8 /home/maks/yii/framework/web/CWebApplication.php(282): CController->run('search')
#9 /home/maks/yii/framework/web/CWebApplication.php(141): CWebApplication->runController('site/search')
#10 /home/maks/yii/framework/base/CApplication.php(185): CWebApplication->processRequest()
#11 /home/maks/projects/testTask/index.php(13): CApplication->run()
#12 {main}
REQUEST_URI=/index.php?r=site%2Fsearch&query=yii
HTTP_REFERER=http://testtask/index.php
---
2017/01/05 16:12:23 [error] [system.db.CDbCommand] CDbCommand::fetchAll() failed: SQLSTATE[42000]: Syntax error or access violation: 1064 You have an error in your SQL syntax; check the manual that corresponds to your MySQL server version for the right syntax to use near 'name'%'' at line 1. The SQL statement executed was: SELECT * FROM `repos` `t` WHERE name LIKE '%'name'%'.
in /home/maks/projects/testTask/protected/controllers/SiteController.php (91)
in /home/maks/projects/testTask/index.php (13)
2017/01/05 16:12:23 [error] [exception.CDbException] CDbException: CDbCommand failed to execute the SQL statement: SQLSTATE[42000]: Syntax error or access violation: 1064 You have an error in your SQL syntax; check the manual that corresponds to your MySQL server version for the right syntax to use near 'name'%'' at line 1. The SQL statement executed was: SELECT * FROM `repos` `t` WHERE name LIKE '%'name'%' in /home/maks/yii/framework/db/CDbCommand.php:543
Stack trace:
#0 /home/maks/yii/framework/db/CDbCommand.php(396): CDbCommand->queryInternal('fetchAll', Array, Array)
#1 /home/maks/yii/framework/db/ar/CActiveRecord.php(1356): CDbCommand->queryAll()
#2 /home/maks/yii/framework/db/ar/CActiveRecord.php(1475): CActiveRecord->query(Object(CDbCriteria), true)
#3 /home/maks/projects/testTask/protected/controllers/SiteController.php(91): CActiveRecord->findAll('name LIKE '%'na...', Array)
#4 /home/maks/yii/framework/web/actions/CInlineAction.php(49): SiteController->actionSearch()
#5 /home/maks/yii/framework/web/CController.php(308): CInlineAction->runWithParams(Array)
#6 /home/maks/yii/framework/web/CController.php(286): CController->runAction(Object(CInlineAction))
#7 /home/maks/yii/framework/web/CController.php(265): CController->runActionWithFilters(Object(CInlineAction), Array)
#8 /home/maks/yii/framework/web/CWebApplication.php(282): CController->run('search')
#9 /home/maks/yii/framework/web/CWebApplication.php(141): CWebApplication->runController('site/search')
#10 /home/maks/yii/framework/base/CApplication.php(185): CWebApplication->processRequest()
#11 /home/maks/projects/testTask/index.php(13): CApplication->run()
#12 {main}
REQUEST_URI=/index.php?r=site%2Fsearch&query=yii
HTTP_REFERER=http://testtask/index.php
---
2017/01/05 16:16:30 [error] [system.db.CDbCommand] CDbCommand::fetchAll() failed: SQLSTATE[42000]: Syntax error or access violation: 1064 You have an error in your SQL syntax; check the manual that corresponds to your MySQL server version for the right syntax to use near '/'%yii%/'' at line 1. The SQL statement executed was: SELECT * FROM `repos` `t` WHERE name LIKE /'%yii%/'.
in /home/maks/projects/testTask/protected/controllers/SiteController.php (91)
in /home/maks/projects/testTask/index.php (13)
2017/01/05 16:16:30 [error] [exception.CDbException] CDbException: CDbCommand failed to execute the SQL statement: SQLSTATE[42000]: Syntax error or access violation: 1064 You have an error in your SQL syntax; check the manual that corresponds to your MySQL server version for the right syntax to use near '/'%yii%/'' at line 1. The SQL statement executed was: SELECT * FROM `repos` `t` WHERE name LIKE /'%yii%/' in /home/maks/yii/framework/db/CDbCommand.php:543
Stack trace:
#0 /home/maks/yii/framework/db/CDbCommand.php(396): CDbCommand->queryInternal('fetchAll', Array, Array)
#1 /home/maks/yii/framework/db/ar/CActiveRecord.php(1356): CDbCommand->queryAll()
#2 /home/maks/yii/framework/db/ar/CActiveRecord.php(1475): CActiveRecord->query(Object(CDbCriteria), true)
#3 /home/maks/projects/testTask/protected/controllers/SiteController.php(91): CActiveRecord->findAll('name LIKE /'%yi...')
#4 /home/maks/yii/framework/web/actions/CInlineAction.php(49): SiteController->actionSearch()
#5 /home/maks/yii/framework/web/CController.php(308): CInlineAction->runWithParams(Array)
#6 /home/maks/yii/framework/web/CController.php(286): CController->runAction(Object(CInlineAction))
#7 /home/maks/yii/framework/web/CController.php(265): CController->runActionWithFilters(Object(CInlineAction), Array)
#8 /home/maks/yii/framework/web/CWebApplication.php(282): CController->run('search')
#9 /home/maks/yii/framework/web/CWebApplication.php(141): CWebApplication->runController('site/search')
#10 /home/maks/yii/framework/base/CApplication.php(185): CWebApplication->processRequest()
#11 /home/maks/projects/testTask/index.php(13): CApplication->run()
#12 {main}
REQUEST_URI=/index.php?r=site%2Fsearch&query=yii
HTTP_REFERER=http://testtask/index.php
---
2017/01/05 16:40:17 [error] [php] Undefined variable: like (/home/maks/projects/testTask/protected/views/user/index.php:18)
Stack trace:
#0 /home/maks/yii/framework/web/CController.php(869): UserController->renderFile()
#1 /home/maks/yii/framework/web/CController.php(782): UserController->renderPartial()
#2 /home/maks/projects/testTask/protected/controllers/UserController.php(13): UserController->render()
#3 /home/maks/yii/framework/web/actions/CInlineAction.php(49): UserController->actionIndex()
#4 /home/maks/yii/framework/web/CController.php(308): CInlineAction->runWithParams()
#5 /home/maks/yii/framework/web/CController.php(286): UserController->runAction()
#6 /home/maks/yii/framework/web/CController.php(265): UserController->runActionWithFilters()
#7 /home/maks/yii/framework/web/CWebApplication.php(282): UserController->run()
#8 /home/maks/yii/framework/web/CWebApplication.php(141): CWebApplication->runController()
#9 /home/maks/yii/framework/base/CApplication.php(185): CWebApplication->processRequest()
#10 /home/maks/projects/testTask/index.php(13): CWebApplication->run()
REQUEST_URI=/index.php?r=user&name=riordorian
in /home/maks/projects/testTask/protected/views/user/index.php (18)
in /home/maks/projects/testTask/protected/controllers/UserController.php (13)
in /home/maks/projects/testTask/index.php (13)
2017/01/05 23:29:51 [error] [exception.Exception] Exception: Serialization of 'Closure' is not allowed in /home/maks/projects/testTask/protected/views/site/search.php:31
Stack trace:
#0 /home/maks/projects/testTask/protected/views/site/search.php(31): serialize(Object(Github\ResultPager))
#1 /home/maks/yii/framework/web/CBaseController.php(126): require('/home/maks/proj...')
#2 /home/maks/yii/framework/web/CBaseController.php(95): CBaseController->renderInternal('/home/maks/proj...', Array, true)
#3 /home/maks/yii/framework/web/CController.php(869): CBaseController->renderFile('/home/maks/proj...', Array, true)
#4 /home/maks/yii/framework/web/CController.php(782): CController->renderPartial('search', Array, true)
#5 /home/maks/projects/testTask/protected/controllers/SiteController.php(106): CController->render('search', Array)
#6 /home/maks/yii/framework/web/actions/CInlineAction.php(49): SiteController->actionSearch()
#7 /home/maks/yii/framework/web/CController.php(308): CInlineAction->runWithParams(Array)
#8 /home/maks/yii/framework/web/CController.php(286): CController->runAction(Object(CInlineAction))
#9 /home/maks/yii/framework/web/CController.php(265): CController->runActionWithFilters(Object(CInlineAction), Array)
#10 /home/maks/yii/framework/web/CWebApplication.php(282): CController->run('search')
#11 /home/maks/yii/framework/web/CWebApplication.php(141): CWebApplication->runController('site/search')
#12 /home/maks/yii/framework/base/CApplication.php(185): CWebApplication->processRequest()
#13 /home/maks/projects/testTask/index.php(13): CApplication->run()
#14 {main}
REQUEST_URI=/index.php?r=site%2Fsearch&query=yii
HTTP_REFERER=http://testtask/index.php
---
2017/01/05 23:32:32 [error] [exception.Exception] Exception: Serialization of 'Closure' is not allowed in /home/maks/projects/testTask/protected/controllers/SiteController.php:106
Stack trace:
#0 /home/maks/projects/testTask/protected/controllers/SiteController.php(106): serialize(Object(Github\ResultPager))
#1 /home/maks/yii/framework/web/actions/CInlineAction.php(49): SiteController->actionSearch()
#2 /home/maks/yii/framework/web/CController.php(308): CInlineAction->runWithParams(Array)
#3 /home/maks/yii/framework/web/CController.php(286): CController->runAction(Object(CInlineAction))
#4 /home/maks/yii/framework/web/CController.php(265): CController->runActionWithFilters(Object(CInlineAction), Array)
#5 /home/maks/yii/framework/web/CWebApplication.php(282): CController->run('search')
#6 /home/maks/yii/framework/web/CWebApplication.php(141): CWebApplication->runController('site/search')
#7 /home/maks/yii/framework/base/CApplication.php(185): CWebApplication->processRequest()
#8 /home/maks/projects/testTask/index.php(13): CApplication->run()
#9 {main}
REQUEST_URI=/index.php?r=site%2Fsearch&query=yii
HTTP_REFERER=http://testtask/index.php
---
2017/01/05 23:33:06 [error] [exception.Exception] Exception: Serialization of 'Closure' is not allowed in /home/maks/projects/testTask/protected/controllers/SiteController.php:106
Stack trace:
#0 /home/maks/projects/testTask/protected/controllers/SiteController.php(106): serialize(Object(Github\Client))
#1 /home/maks/yii/framework/web/actions/CInlineAction.php(49): SiteController->actionSearch()
#2 /home/maks/yii/framework/web/CController.php(308): CInlineAction->runWithParams(Array)
#3 /home/maks/yii/framework/web/CController.php(286): CController->runAction(Object(CInlineAction))
#4 /home/maks/yii/framework/web/CController.php(265): CController->runActionWithFilters(Object(CInlineAction), Array)
#5 /home/maks/yii/framework/web/CWebApplication.php(282): CController->run('search')
#6 /home/maks/yii/framework/web/CWebApplication.php(141): CWebApplication->runController('site/search')
#7 /home/maks/yii/framework/base/CApplication.php(185): CWebApplication->processRequest()
#8 /home/maks/projects/testTask/index.php(13): CApplication->run()
#9 {main}
REQUEST_URI=/index.php?r=site%2Fsearch&query=yii
HTTP_REFERER=http://testtask/index.php
---
2017/01/05 23:36:57 [error] [php] Undefined variable: paginator (/home/maks/projects/testTask/protected/views/site/search.php:7)
Stack trace:
#0 /home/maks/yii/framework/web/CController.php(869): SiteController->renderFile()
#1 /home/maks/yii/framework/web/CController.php(782): SiteController->renderPartial()
#2 /home/maks/projects/testTask/protected/controllers/SiteController.php(66): SiteController->render()
#3 /home/maks/yii/framework/web/actions/CInlineAction.php(49): SiteController->actionNext()
#4 /home/maks/yii/framework/web/CController.php(308): CInlineAction->runWithParams()
#5 /home/maks/yii/framework/web/CController.php(286): SiteController->runAction()
#6 /home/maks/yii/framework/web/CController.php(265): SiteController->runActionWithFilters()
#7 /home/maks/yii/framework/web/CWebApplication.php(282): SiteController->run()
#8 /home/maks/yii/framework/web/CWebApplication.php(141): CWebApplication->runController()
#9 /home/maks/yii/framework/base/CApplication.php(185): CWebApplication->processRequest()
#10 /home/maks/projects/testTask/index.php(13): CWebApplication->run()
REQUEST_URI=/index.php?r=site/next
in /home/maks/projects/testTask/protected/views/site/search.php (7)
in /home/maks/projects/testTask/protected/controllers/SiteController.php (66)
in /home/maks/projects/testTask/index.php (13)
2017/01/05 23:37:13 [error] [php] Invalid argument supplied for foreach() (/home/maks/projects/testTask/protected/views/site/search.php:8)
Stack trace:
#0 /home/maks/yii/framework/web/CController.php(869): SiteController->renderFile()
#1 /home/maks/yii/framework/web/CController.php(782): SiteController->renderPartial()
#2 /home/maks/projects/testTask/protected/controllers/SiteController.php(66): SiteController->render()
#3 /home/maks/yii/framework/web/actions/CInlineAction.php(49): SiteController->actionNext()
#4 /home/maks/yii/framework/web/CController.php(308): CInlineAction->runWithParams()
#5 /home/maks/yii/framework/web/CController.php(286): SiteController->runAction()
#6 /home/maks/yii/framework/web/CController.php(265): SiteController->runActionWithFilters()
#7 /home/maks/yii/framework/web/CWebApplication.php(282): SiteController->run()
#8 /home/maks/yii/framework/web/CWebApplication.php(141): CWebApplication->runController()
#9 /home/maks/yii/framework/base/CApplication.php(185): CWebApplication->processRequest()
#10 /home/maks/projects/testTask/index.php(13): CWebApplication->run()
REQUEST_URI=/index.php?r=site/next
in /home/maks/projects/testTask/protected/views/site/search.php (8)
in /home/maks/projects/testTask/protected/controllers/SiteController.php (66)
in /home/maks/projects/testTask/index.php (13)
2017/01/05 23:37:45 [error] [php] Invalid argument supplied for foreach() (/home/maks/projects/testTask/protected/views/site/search.php:8)
Stack trace:
#0 /home/maks/yii/framework/web/CController.php(869): SiteController->renderFile()
#1 /home/maks/yii/framework/web/CController.php(782): SiteController->renderPartial()
#2 /home/maks/projects/testTask/protected/controllers/SiteController.php(67): SiteController->render()
#3 /home/maks/yii/framework/web/actions/CInlineAction.php(49): SiteController->actionNext()
#4 /home/maks/yii/framework/web/CController.php(308): CInlineAction->runWithParams()
#5 /home/maks/yii/framework/web/CController.php(286): SiteController->runAction()
#6 /home/maks/yii/framework/web/CController.php(265): SiteController->runActionWithFilters()
#7 /home/maks/yii/framework/web/CWebApplication.php(282): SiteController->run()
#8 /home/maks/yii/framework/web/CWebApplication.php(141): CWebApplication->runController()
#9 /home/maks/yii/framework/base/CApplication.php(185): CWebApplication->processRequest()
#10 /home/maks/projects/testTask/index.php(13): CWebApplication->run()
REQUEST_URI=/index.php?r=site/next
in /home/maks/projects/testTask/protected/views/site/search.php (8)
in /home/maks/projects/testTask/protected/controllers/SiteController.php (67)
in /home/maks/projects/testTask/index.php (13)
2017/01/05 23:39:17 [error] [php] Undefined variable: full_name (/home/maks/projects/testTask/protected/views/site/index.php:10)
Stack trace:
#0 /home/maks/yii/framework/web/CController.php(869): SiteController->renderFile()
#1 /home/maks/yii/framework/web/CController.php(782): SiteController->renderPartial()
#2 /home/maks/projects/testTask/protected/controllers/SiteController.php(66): SiteController->render()
#3 /home/maks/yii/framework/web/actions/CInlineAction.php(49): SiteController->actionNext()
#4 /home/maks/yii/framework/web/CController.php(308): CInlineAction->runWithParams()
#5 /home/maks/yii/framework/web/CController.php(286): SiteController->runAction()
#6 /home/maks/yii/framework/web/CController.php(265): SiteController->runActionWithFilters()
#7 /home/maks/yii/framework/web/CWebApplication.php(282): SiteController->run()
#8 /home/maks/yii/framework/web/CWebApplication.php(141): CWebApplication->runController()
#9 /home/maks/yii/framework/base/CApplication.php(185): CWebApplication->processRequest()
#10 /home/maks/projects/testTask/index.php(13): CWebApplication->run()
REQUEST_URI=/index.php?r=site/next
in /home/maks/projects/testTask/protected/views/site/index.php (10)
in /home/maks/projects/testTask/protected/controllers/SiteController.php (66)
in /home/maks/projects/testTask/index.php (13)
2017/01/05 23:40:44 [error] [php] Undefined index: query (/home/maks/projects/testTask/protected/controllers/SiteController.php:66)
Stack trace:
#0 /home/maks/yii/framework/web/CController.php(286): SiteController->runAction()
#1 /home/maks/yii/framework/web/CController.php(265): SiteController->runActionWithFilters()
#2 /home/maks/yii/framework/web/CWebApplication.php(282): SiteController->run()
#3 /home/maks/yii/framework/web/CWebApplication.php(141): CWebApplication->runController()
#4 /home/maks/yii/framework/base/CApplication.php(185): CWebApplication->processRequest()
#5 /home/maks/projects/testTask/index.php(13): CWebApplication->run()
REQUEST_URI=/index.php?r=site/next
in /home/maks/projects/testTask/protected/controllers/SiteController.php (66)
in /home/maks/projects/testTask/index.php (13)
2017/01/06 00:06:05 [error] [php] Undefined index: like (/home/maks/projects/testTask/protected/views/site/search.php:19)
Stack trace:
#0 /home/maks/yii/framework/web/CController.php(869): SiteController->renderFile()
#1 /home/maks/yii/framework/web/CController.php(782): SiteController->renderPartial()
#2 /home/maks/projects/testTask/protected/controllers/SiteController.php(71): SiteController->render()
#3 /home/maks/yii/framework/web/actions/CInlineAction.php(49): SiteController->actionNext()
#4 /home/maks/yii/framework/web/CController.php(308): CInlineAction->runWithParams()
#5 /home/maks/yii/framework/web/CController.php(286): SiteController->runAction()
#6 /home/maks/yii/framework/web/CController.php(265): SiteController->runActionWithFilters()
#7 /home/maks/yii/framework/web/CWebApplication.php(282): SiteController->run()
#8 /home/maks/yii/framework/web/CWebApplication.php(141): CWebApplication->runController()
#9 /home/maks/yii/framework/base/CApplication.php(185): CWebApplication->processRequest()
#10 /home/maks/projects/testTask/index.php(13): CWebApplication->run()
REQUEST_URI=/index.php?r=site/next
in /home/maks/projects/testTask/protected/views/site/search.php (19)
in /home/maks/projects/testTask/protected/controllers/SiteController.php (71)
in /home/maks/projects/testTask/index.php (13)
2017/01/06 00:06:35 [error] [php] Undefined index: like (/home/maks/projects/testTask/protected/views/site/search.php:19)
Stack trace:
#0 /home/maks/yii/framework/web/CController.php(869): SiteController->renderFile()
#1 /home/maks/yii/framework/web/CController.php(782): SiteController->renderPartial()
#2 /home/maks/projects/testTask/protected/controllers/SiteController.php(71): SiteController->render()
#3 /home/maks/yii/framework/web/actions/CInlineAction.php(49): SiteController->actionNext()
#4 /home/maks/yii/framework/web/CController.php(308): CInlineAction->runWithParams()
#5 /home/maks/yii/framework/web/CController.php(286): SiteController->runAction()
#6 /home/maks/yii/framework/web/CController.php(265): SiteController->runActionWithFilters()
#7 /home/maks/yii/framework/web/CWebApplication.php(282): SiteController->run()
#8 /home/maks/yii/framework/web/CWebApplication.php(141): CWebApplication->runController()
#9 /home/maks/yii/framework/base/CApplication.php(185): CWebApplication->processRequest()
#10 /home/maks/projects/testTask/index.php(13): CWebApplication->run()
REQUEST_URI=/index.php?r=site/next
in /home/maks/projects/testTask/protected/views/site/search.php (19)
in /home/maks/projects/testTask/protected/controllers/SiteController.php (71)
in /home/maks/projects/testTask/index.php (13)
2017/01/06 00:30:27 [error] [php] Undefined index: previous (/home/maks/projects/testTask/protected/views/site/search.php:37)
Stack trace:
#0 /home/maks/yii/framework/web/CController.php(869): SiteController->renderFile()
#1 /home/maks/yii/framework/web/CController.php(782): SiteController->renderPartial()
#2 /home/maks/projects/testTask/protected/controllers/SiteController.php(129): SiteController->render()
#3 /home/maks/yii/framework/web/actions/CInlineAction.php(49): SiteController->actionSearch()
#4 /home/maks/yii/framework/web/CController.php(308): CInlineAction->runWithParams()
#5 /home/maks/yii/framework/web/CController.php(286): SiteController->runAction()
#6 /home/maks/yii/framework/web/CController.php(265): SiteController->runActionWithFilters()
#7 /home/maks/yii/framework/web/CWebApplication.php(282): SiteController->run()
#8 /home/maks/yii/framework/web/CWebApplication.php(141): CWebApplication->runController()
#9 /home/maks/yii/framework/base/CApplication.php(185): CWebApplication->processRequest()
#10 /home/maks/projects/testTask/index.php(13): CWebApplication->run()
REQUEST_URI=/index.php?r=site%2Fsearch&query=yii
in /home/maks/projects/testTask/protected/views/site/search.php (37)
in /home/maks/projects/testTask/protected/controllers/SiteController.php (129)
in /home/maks/projects/testTask/index.php (13)
2017/01/06 00:32:10 [error] [php] Undefined index: previous (/home/maks/projects/testTask/protected/views/site/search.php:37)
Stack trace:
#0 /home/maks/yii/framework/web/CController.php(869): SiteController->renderFile()
#1 /home/maks/yii/framework/web/CController.php(782): SiteController->renderPartial()
#2 /home/maks/projects/testTask/protected/controllers/SiteController.php(89): SiteController->render()
#3 /home/maks/yii/framework/web/actions/CInlineAction.php(49): SiteController->actionNext()
#4 /home/maks/yii/framework/web/CController.php(308): CInlineAction->runWithParams()
#5 /home/maks/yii/framework/web/CController.php(286): SiteController->runAction()
#6 /home/maks/yii/framework/web/CController.php(265): SiteController->runActionWithFilters()
#7 /home/maks/yii/framework/web/CWebApplication.php(282): SiteController->run()
#8 /home/maks/yii/framework/web/CWebApplication.php(141): CWebApplication->runController()
#9 /home/maks/yii/framework/base/CApplication.php(185): CWebApplication->processRequest()
#10 /home/maks/projects/testTask/index.php(13): CWebApplication->run()
REQUEST_URI=/index.php?r=site/next&query=yii&number=2
in /home/maks/projects/testTask/protected/views/site/search.php (37)
in /home/maks/projects/testTask/protected/controllers/SiteController.php (89)
in /home/maks/projects/testTask/index.php (13)
2017/01/06 01:17:49 [error] [php] Undefined variable: repo (/home/maks/projects/testTask/protected/views/user/index.php:21)
Stack trace:
#0 /home/maks/yii/framework/web/CController.php(869): UserController->renderFile()
#1 /home/maks/yii/framework/web/CController.php(782): UserController->renderPartial()
#2 /home/maks/projects/testTask/protected/controllers/UserController.php(14): UserController->render()
#3 /home/maks/yii/framework/web/actions/CInlineAction.php(49): UserController->actionIndex()
#4 /home/maks/yii/framework/web/CController.php(308): CInlineAction->runWithParams()
#5 /home/maks/yii/framework/web/CController.php(286): UserController->runAction()
#6 /home/maks/yii/framework/web/CController.php(265): UserController->runActionWithFilters()
#7 /home/maks/yii/framework/web/CWebApplication.php(282): UserController->run()
#8 /home/maks/yii/framework/web/CWebApplication.php(141): CWebApplication->runController()
#9 /home/maks/yii/framework/base/CApplication.php(185): CWebApplication->processRequest()
#10 /home/maks/projects/testTask/index.php(13): CWebApplication->run()
REQUEST_URI=/index.php?r=user&name=gabrielmc
in /home/maks/projects/testTask/protected/views/user/index.php (21)
in /home/maks/projects/testTask/protected/controllers/UserController.php (14)
in /home/maks/projects/testTask/index.php (13)
2017/01/06 02:20:45 [error] [exception.Github\Exception\ApiLimitExceedException] Github\Exception\ApiLimitExceedException: You have reached GitHub hourly limit! Actual limit is: 10 in /home/maks/projects/testTask/vendor/knplabs/github-api/lib/Github/HttpClient/Plugin/GithubExceptionThrower.php:37
Stack trace:
#0 /home/maks/projects/testTask/vendor/php-http/httplug/src/Promise/HttpFulfilledPromise.php(34): Github\HttpClient\Plugin\GithubExceptionThrower->Github\HttpClient\Plugin\{closure}(Object(GuzzleHttp\Psr7\Response))
#1 /home/maks/projects/testTask/vendor/knplabs/github-api/lib/Github/HttpClient/Plugin/GithubExceptionThrower.php(88): Http\Client\Promise\HttpFulfilledPromise->then(Object(Closure))
#2 /home/maks/projects/testTask/vendor/php-http/client-common/src/PluginClient.php(156): Github\HttpClient\Plugin\GithubExceptionThrower->handleRequest(Object(GuzzleHttp\Psr7\Request), Object(Closure), Object(Closure))
#3 /home/maks/projects/testTask/vendor/php-http/client-common/src/PluginClient.php(170): Http\Client\Common\PluginClient->Http\Client\Common\{closure}(Object(GuzzleHttp\Psr7\Request))
#4 /home/maks/projects/testTask/vendor/php-http/client-common/src/PluginClient.php(87): Http\Client\Common\PluginClient->Http\Client\Common\{closure}(Object(GuzzleHttp\Psr7\Request))
#5 /home/maks/projects/testTask/vendor/php-http/client-common/src/HttpMethodsClient.php(203): Http\Client\Common\PluginClient->sendRequest(Object(GuzzleHttp\Psr7\Request))
#6 /home/maks/projects/testTask/vendor/php-http/client-common/src/HttpMethodsClient.php(188): Http\Client\Common\HttpMethodsClient->sendRequest(Object(GuzzleHttp\Psr7\Request))
#7 /home/maks/projects/testTask/vendor/php-http/client-common/src/HttpMethodsClient.php(61): Http\Client\Common\HttpMethodsClient->send('GET', 'https://api.git...', Array, NULL)
#8 /home/maks/projects/testTask/vendor/knplabs/github-api/lib/Github/ResultPager.php(174): Http\Client\Common\HttpMethodsClient->get('https://api.git...')
#9 /home/maks/projects/testTask/vendor/knplabs/github-api/lib/Github/ResultPager.php(125): Github\ResultPager->get('next')
#10 /home/maks/projects/testTask/protected/controllers/SiteController.php(76): Github\ResultPager->fetchNext()
#11 /home/maks/yii/framework/web/actions/CInlineAction.php(49): SiteController->actionNext()
#12 /home/maks/yii/framework/web/CController.php(308): CInlineAction->runWithParams(Array)
#13 /home/maks/yii/framework/web/CController.php(286): CController->runAction(Object(CInlineAction))
#14 /home/maks/yii/framework/web/CController.php(265): CController->runActionWithFilters(Object(CInlineAction), Array)
#15 /home/maks/yii/framework/web/CWebApplication.php(282): CController->run('next')
#16 /home/maks/yii/framework/web/CWebApplication.php(141): CWebApplication->runController('site/next')
#17 /home/maks/yii/framework/base/CApplication.php(185): CWebApplication->processRequest()
#18 /home/maks/projects/testTask/index.php(13): CApplication->run()
#19 {main}
REQUEST_URI=/index.php?r=site/next&query=yii&number=34
---
2017/01/06 02:20:57 [error] [exception.Github\Exception\ApiLimitExceedException] Github\Exception\ApiLimitExceedException: You have reached GitHub hourly limit! Actual limit is: 10 in /home/maks/projects/testTask/vendor/knplabs/github-api/lib/Github/HttpClient/Plugin/GithubExceptionThrower.php:37
Stack trace:
#0 /home/maks/projects/testTask/vendor/php-http/httplug/src/Promise/HttpFulfilledPromise.php(34): Github\HttpClient\Plugin\GithubExceptionThrower->Github\HttpClient\Plugin\{closure}(Object(GuzzleHttp\Psr7\Response))
#1 /home/maks/projects/testTask/vendor/knplabs/github-api/lib/Github/HttpClient/Plugin/GithubExceptionThrower.php(88): Http\Client\Promise\HttpFulfilledPromise->then(Object(Closure))
#2 /home/maks/projects/testTask/vendor/php-http/client-common/src/PluginClient.php(156): Github\HttpClient\Plugin\GithubExceptionThrower->handleRequest(Object(GuzzleHttp\Psr7\Request), Object(Closure), Object(Closure))
#3 /home/maks/projects/testTask/vendor/php-http/client-common/src/PluginClient.php(170): Http\Client\Common\PluginClient->Http\Client\Common\{closure}(Object(GuzzleHttp\Psr7\Request))
#4 /home/maks/projects/testTask/vendor/php-http/client-common/src/PluginClient.php(87): Http\Client\Common\PluginClient->Http\Client\Common\{closure}(Object(GuzzleHttp\Psr7\Request))
#5 /home/maks/projects/testTask/vendor/php-http/client-common/src/HttpMethodsClient.php(203): Http\Client\Common\PluginClient->sendRequest(Object(GuzzleHttp\Psr7\Request))
#6 /home/maks/projects/testTask/vendor/php-http/client-common/src/HttpMethodsClient.php(188): Http\Client\Common\HttpMethodsClient->sendRequest(Object(GuzzleHttp\Psr7\Request))
#7 /home/maks/projects/testTask/vendor/php-http/client-common/src/HttpMethodsClient.php(61): Http\Client\Common\HttpMethodsClient->send('GET', '/search/reposit...', Array, NULL)
#8 /home/maks/projects/testTask/vendor/knplabs/github-api/lib/Github/Api/AbstractApi.php(81): Http\Client\Common\HttpMethodsClient->get('/search/reposit...', Array)
#9 /home/maks/projects/testTask/vendor/knplabs/github-api/lib/Github/Api/Search.php(26): Github\Api\AbstractApi->get('/search/reposit...', Array)
#10 [internal function]: Github\Api\Search->repositories('yii')
#11 /home/maks/projects/testTask/vendor/knplabs/github-api/lib/Github/ResultPager.php(190): call_user_func_array(Array, Array)
#12 /home/maks/projects/testTask/vendor/knplabs/github-api/lib/Github/ResultPager.php(62): Github\ResultPager->callApi(Object(Github\Api\Search), 'repositories', Array)
#13 /home/maks/projects/testTask/protected/controllers/SiteController.php(74): Github\ResultPager->fetch(Object(Github\Api\Search), 'repositories', Array)
#14 /home/maks/yii/framework/web/actions/CInlineAction.php(49): SiteController->actionNext()
#15 /home/maks/yii/framework/web/CController.php(308): CInlineAction->runWithParams(Array)
#16 /home/maks/yii/framework/web/CController.php(286): CController->runAction(Object(CInlineAction))
#17 /home/maks/yii/framework/web/CController.php(265): CController->runActionWithFilters(Object(CInlineAction), Array)
#18 /home/maks/yii/framework/web/CWebApplication.php(282): CController->run('next')
#19 /home/maks/yii/framework/web/CWebApplication.php(141): CWebApplication->runController('site/next')
#20 /home/maks/yii/framework/base/CApplication.php(185): CWebApplication->processRequest()
#21 /home/maks/projects/testTask/index.php(13): CApplication->run()
#22 {main}
REQUEST_URI=/index.php?r=site/next&query=yii&number=3
---
2017/01/06 02:21:05 [error] [exception.Github\Exception\ApiLimitExceedException] Github\Exception\ApiLimitExceedException: You have reached GitHub hourly limit! Actual limit is: 10 in /home/maks/projects/testTask/vendor/knplabs/github-api/lib/Github/HttpClient/Plugin/GithubExceptionThrower.php:37
Stack trace:
#0 /home/maks/projects/testTask/vendor/php-http/httplug/src/Promise/HttpFulfilledPromise.php(34): Github\HttpClient\Plugin\GithubExceptionThrower->Github\HttpClient\Plugin\{closure}(Object(GuzzleHttp\Psr7\Response))
#1 /home/maks/projects/testTask/vendor/knplabs/github-api/lib/Github/HttpClient/Plugin/GithubExceptionThrower.php(88): Http\Client\Promise\HttpFulfilledPromise->then(Object(Closure))
#2 /home/maks/projects/testTask/vendor/php-http/client-common/src/PluginClient.php(156): Github\HttpClient\Plugin\GithubExceptionThrower->handleRequest(Object(GuzzleHttp\Psr7\Request), Object(Closure), Object(Closure))
#3 /home/maks/projects/testTask/vendor/php-http/client-common/src/PluginClient.php(170): Http\Client\Common\PluginClient->Http\Client\Common\{closure}(Object(GuzzleHttp\Psr7\Request))
#4 /home/maks/projects/testTask/vendor/php-http/client-common/src/PluginClient.php(87): Http\Client\Common\PluginClient->Http\Client\Common\{closure}(Object(GuzzleHttp\Psr7\Request))
#5 /home/maks/projects/testTask/vendor/php-http/client-common/src/HttpMethodsClient.php(203): Http\Client\Common\PluginClient->sendRequest(Object(GuzzleHttp\Psr7\Request))
#6 /home/maks/projects/testTask/vendor/php-http/client-common/src/HttpMethodsClient.php(188): Http\Client\Common\HttpMethodsClient->sendRequest(Object(GuzzleHttp\Psr7\Request))
#7 /home/maks/projects/testTask/vendor/php-http/client-common/src/HttpMethodsClient.php(61): Http\Client\Common\HttpMethodsClient->send('GET', '/search/reposit...', Array, NULL)
#8 /home/maks/projects/testTask/vendor/knplabs/github-api/lib/Github/Api/AbstractApi.php(81): Http\Client\Common\HttpMethodsClient->get('/search/reposit...', Array)
#9 /home/maks/projects/testTask/vendor/knplabs/github-api/lib/Github/Api/Search.php(26): Github\Api\AbstractApi->get('/search/reposit...', Array)
#10 [internal function]: Github\Api\Search->repositories('yii')
#11 /home/maks/projects/testTask/vendor/knplabs/github-api/lib/Github/ResultPager.php(190): call_user_func_array(Array, Array)
#12 /home/maks/projects/testTask/vendor/knplabs/github-api/lib/Github/ResultPager.php(62): Github\ResultPager->callApi(Object(Github\Api\Search), 'repositories', Array)
#13 /home/maks/projects/testTask/protected/controllers/SiteController.php(74): Github\ResultPager->fetch(Object(Github\Api\Search), 'repositories', Array)
#14 /home/maks/yii/framework/web/actions/CInlineAction.php(49): SiteController->actionNext()
#15 /home/maks/yii/framework/web/CController.php(308): CInlineAction->runWithParams(Array)
#16 /home/maks/yii/framework/web/CController.php(286): CController->runAction(Object(CInlineAction))
#17 /home/maks/yii/framework/web/CController.php(265): CController->runActionWithFilters(Object(CInlineAction), Array)
#18 /home/maks/yii/framework/web/CWebApplication.php(282): CController->run('next')
#19 /home/maks/yii/framework/web/CWebApplication.php(141): CWebApplication->runController('site/next')
#20 /home/maks/yii/framework/base/CApplication.php(185): CWebApplication->processRequest()
#21 /home/maks/projects/testTask/index.php(13): CApplication->run()
#22 {main}
REQUEST_URI=/index.php?r=site/next&query=yii&number=1
HTTP_REFERER=http://testtask/index.php?r=site/next&query=yii&number=2
---
2017/01/06 10:59:57 [error] [exception.CHttpException.404] CHttpException: The system is unable to find the requested action "next&number=1". in /home/maks/yii/framework/web/CController.php:483
Stack trace:
#0 /home/maks/yii/framework/web/CController.php(270): CController->missingAction('next&number=1')
#1 /home/maks/yii/framework/web/CWebApplication.php(282): CController->run('next&number=1')
#2 /home/maks/yii/framework/web/CWebApplication.php(141): CWebApplication->runController('site/next&numbe...')
#3 /home/maks/yii/framework/base/CApplication.php(185): CWebApplication->processRequest()
#4 /home/maks/projects/testTask/index.php(13): CApplication->run()
#5 {main}
REQUEST_URI=/index.php?r=site%2Fnext%26number%3D1&query=photo
HTTP_REFERER=http://testtask/index.php?r=site%2Fsearch&query=photo
---
